<!DOCTYPE html>

<html>
  <head>
  <meta charset='utf-8'>
  <title>TestNG reports</title>

    <link type="text/css" href="testng-reports1.css" rel="stylesheet" id="ultra" />
    <link type="text/css" href="testng-reports.css" rel="stylesheet" id="retro" disabled="false"/>
    <script type="text/javascript" src="jquery.min.js"></script>
    <script type="text/javascript" src="testng-reports.js"></script>
    <script type="text/javascript" src="https://www.google.com/jsapi"></script>
    <script type='text/javascript'>
      google.load('visualization', '1', {packages:['table']});
      google.setOnLoadCallback(drawTable);
      var suiteTableInitFunctions = new Array();
      var suiteTableData = new Array();
    </script>
    <!--
      <script type="text/javascript" src="jquery-ui/js/jquery-ui-1.8.16.custom.min.js"></script>
     -->
  </head>

  <body>
    <div class="top-banner-root">
      <span class="top-banner-title-font">Test results</span>
      <button id="button" class="button">Switch Retro Theme</button> <!-- button -->
      <br/>
      <span class="top-banner-font-1">1 suite, 22 failed tests</span>
    </div> <!-- top-banner-root -->
    <div class="navigator-root">
      <div class="navigator-suite-header">
        <span>All suites</span>
        <a href="#" title="Collapse/expand all the suites" class="collapse-all-link">
          <img src="collapseall.gif" class="collapse-all-icon">
          </img> <!-- collapse-all-icon -->
        </a> <!-- collapse-all-link -->
      </div> <!-- navigator-suite-header -->
      <div class="suite">
        <div class="rounded-window">
          <div class="suite-header light-rounded-window-top">
            <a href="#" panel-name="suite-Suite" class="navigator-link">
              <span class="suite-name border-failed">Suite</span>
            </a> <!-- navigator-link -->
          </div> <!-- suite-header light-rounded-window-top -->
          <div class="navigator-suite-content">
            <div class="suite-section-title">
              <span>Info</span>
            </div> <!-- suite-section-title -->
            <div class="suite-section-content">
              <ul>
                <li>
                  <a href="#" panel-name="test-xml-Suite" class="navigator-link ">
                    <span>C:\Users\mallika\eclipse-workspace\Safelock\safelock.xml</span>
                  </a> <!-- navigator-link  -->
                </li>
                <li>
                  <a href="#" panel-name="testlist-Suite" class="navigator-link ">
                    <span class="test-stats">1 test</span>
                  </a> <!-- navigator-link  -->
                </li>
                <li>
                  <a href="#" panel-name="group-Suite" class="navigator-link ">
                    <span>0 groups</span>
                  </a> <!-- navigator-link  -->
                </li>
                <li>
                  <a href="#" panel-name="times-Suite" class="navigator-link ">
                    <span>Times</span>
                  </a> <!-- navigator-link  -->
                </li>
                <li>
                  <a href="#" panel-name="reporter-Suite" class="navigator-link ">
                    <span>Reporter output</span>
                  </a> <!-- navigator-link  -->
                </li>
                <li>
                  <a href="#" panel-name="ignored-methods-Suite" class="navigator-link ">
                    <span>Ignored methods</span>
                  </a> <!-- navigator-link  -->
                </li>
                <li>
                  <a href="#" panel-name="chronological-Suite" class="navigator-link ">
                    <span>Chronological view</span>
                  </a> <!-- navigator-link  -->
                </li>
              </ul>
            </div> <!-- suite-section-content -->
            <div class="result-section">
              <div class="suite-section-title">
                <span>Results</span>
              </div> <!-- suite-section-title -->
              <div class="suite-section-content">
                <ul>
                  <li>
                    <span class="method-stats">39 methods, 22 failed,   17 passed</span>
                  </li>
                  <li>
                    <span class="method-list-title failed">Failed methods</span>
                    <span class="show-or-hide-methods failed">
                      <a href="#" panel-name="suite-Suite" class="hide-methods failed suite-Suite"> (hide)</a> <!-- hide-methods failed suite-Suite -->
                      <a href="#" panel-name="suite-Suite" class="show-methods failed suite-Suite"> (show)</a> <!-- show-methods failed suite-Suite -->
                    </span>
                    <div class="method-list-content failed suite-Suite">
                      <span>
                        <img src="failed.png" width="3%"/>
                        <a href="#" panel-name="suite-Suite" title="Testcases.AddAccess_creation" class="method navigator-link" hash-for-method="VERIFY_THAT_ADDACCESS_LINK_IS_CLICKED_BY_THE_USER_AND_NAVIAGTED_INTO_ACCESS_PAGE">VERIFY_THAT_ADDACCESS_LINK_IS_CLICKED_BY_THE_USER_AND_NAVIAGTED_INTO_ACCESS_PAGE</a> <!-- method navigator-link -->
                      </span>
                      <br/>
                      <span>
                        <img src="failed.png" width="3%"/>
                        <a href="#" panel-name="suite-Suite" title="Testcases.SafeLock_New_Location" class="method navigator-link" hash-for-method="VERIFY_THAT_CREATED_LOCATION_DISPLAYED_IN_LOCATION_GRID_SECTION">VERIFY_THAT_CREATED_LOCATION_DISPLAYED_IN_LOCATION_GRID_SECTION</a> <!-- method navigator-link -->
                      </span>
                      <br/>
                      <span>
                        <img src="failed.png" width="3%"/>
                        <a href="#" panel-name="suite-Suite" title="Testcases.AddAccess_creation" class="method navigator-link" hash-for-method="VERIFY_THAT_EVERY_DATE_CHECK_BOX_IS_SELECTED_SUCCESSFULLY">VERIFY_THAT_EVERY_DATE_CHECK_BOX_IS_SELECTED_SUCCESSFULLY</a> <!-- method navigator-link -->
                      </span>
                      <br/>
                      <span>
                        <img src="failed.png" width="3%"/>
                        <a href="#" panel-name="suite-Suite" title="Testcases.AddAccess_creation" class="method navigator-link" hash-for-method="VERIFY_THAT_FROM_DATE_IS_SELECTED_FROM_THE_CURRENT_DATE_OF_SELECTION">VERIFY_THAT_FROM_DATE_IS_SELECTED_FROM_THE_CURRENT_DATE_OF_SELECTION</a> <!-- method navigator-link -->
                      </span>
                      <br/>
                      <span>
                        <img src="failed.png" width="3%"/>
                        <a href="#" panel-name="suite-Suite" title="Testcases.AddAccess_creation" class="method navigator-link" hash-for-method="VERIFY_THAT_FROM_TIME_IS_SELECTED_SUCCESSFULLY">VERIFY_THAT_FROM_TIME_IS_SELECTED_SUCCESSFULLY</a> <!-- method navigator-link -->
                      </span>
                      <br/>
                      <span>
                        <img src="failed.png" width="3%"/>
                        <a href="#" panel-name="suite-Suite" title="Testcases.SafeLock_New_Location" class="method navigator-link" hash-for-method="VERIFY_THAT_LOCK_MAPPED_WITH_SELECTED_LOCATION_BY_CLICK_ON_SUBMIT">VERIFY_THAT_LOCK_MAPPED_WITH_SELECTED_LOCATION_BY_CLICK_ON_SUBMIT</a> <!-- method navigator-link -->
                      </span>
                      <br/>
                      <span>
                        <img src="failed.png" width="3%"/>
                        <a href="#" panel-name="suite-Suite" title="Testcases.AddAccess_creation" class="method navigator-link" hash-for-method="VERIFY_THAT_NEW_ACCESS_IS_CREATED_BY_CLICKING_ON_SUBMIT_BUTTON">VERIFY_THAT_NEW_ACCESS_IS_CREATED_BY_CLICKING_ON_SUBMIT_BUTTON</a> <!-- method navigator-link -->
                      </span>
                      <br/>
                      <span>
                        <img src="failed.png" width="3%"/>
                        <a href="#" panel-name="suite-Suite" title="Testcases.New_User_Creation" class="method navigator-link" hash-for-method="VERIFY_THAT_NEW_USER_IS_CREATED_SUCCESSFULLY_BY_CLICKING_THE_SUBMIT_BUTTON">VERIFY_THAT_NEW_USER_IS_CREATED_SUCCESSFULLY_BY_CLICKING_THE_SUBMIT_BUTTON</a> <!-- method navigator-link -->
                      </span>
                      <br/>
                      <span>
                        <img src="failed.png" width="3%"/>
                        <a href="#" panel-name="suite-Suite" title="Testcases.AddAccess_creation" class="method navigator-link" hash-for-method="VERIFY_THAT_SELECTED_DATA_IS_DISPLAYED_ON_NEXT_PAGE_BY_CLICKING_ON_NEXT_STEP_BUTTON">VERIFY_THAT_SELECTED_DATA_IS_DISPLAYED_ON_NEXT_PAGE_BY_CLICKING_ON_NEXT_STEP_BUTTON</a> <!-- method navigator-link -->
                      </span>
                      <br/>
                      <span>
                        <img src="failed.png" width="3%"/>
                        <a href="#" panel-name="suite-Suite" title="Testcases.AddAccess_creation" class="method navigator-link" hash-for-method="VERIFY_THAT_SEND_OTP_TO_USER_EMAIL_PHONE_OPTION_SELECTED_SUCCESSFULLY">VERIFY_THAT_SEND_OTP_TO_USER_EMAIL_PHONE_OPTION_SELECTED_SUCCESSFULLY</a> <!-- method navigator-link -->
                      </span>
                      <br/>
                      <span>
                        <img src="failed.png" width="3%"/>
                        <a href="#" panel-name="suite-Suite" title="Testcases.AddAccess_creation" class="method navigator-link" hash-for-method="VERIFY_THAT_TO_DATE_IS_SELECTED_AS_ONE_YEAR_FROM_THE_CURRENT_DATE">VERIFY_THAT_TO_DATE_IS_SELECTED_AS_ONE_YEAR_FROM_THE_CURRENT_DATE</a> <!-- method navigator-link -->
                      </span>
                      <br/>
                      <span>
                        <img src="failed.png" width="3%"/>
                        <a href="#" panel-name="suite-Suite" title="Testcases.AddAccess_creation" class="method navigator-link" hash-for-method="VERIFY_THAT_TO_TIME_IS_SELECTED_SUCCESSFULLY">VERIFY_THAT_TO_TIME_IS_SELECTED_SUCCESSFULLY</a> <!-- method navigator-link -->
                      </span>
                      <br/>
                      <span>
                        <img src="failed.png" width="3%"/>
                        <a href="#" panel-name="suite-Suite" title="Testcases.AddAccess_creation" class="method navigator-link" hash-for-method="VERIFY_THAT_USER_ENTERING_THE_ACCESS_NAME_ON_ACCESS_FIELD">VERIFY_THAT_USER_ENTERING_THE_ACCESS_NAME_ON_ACCESS_FIELD</a> <!-- method navigator-link -->
                      </span>
                      <br/>
                      <span>
                        <img src="failed.png" width="3%"/>
                        <a href="#" panel-name="suite-Suite" title="Testcases.AddAccess_creation" class="method navigator-link" hash-for-method="VERIFY_THAT_USER_IA_NAVIGATED_INTO_ACCESS_CREATION_PAGE_WHEN_CLICK_ON_ADD_ACCESS_BUTTON">VERIFY_THAT_USER_IA_NAVIGATED_INTO_ACCESS_CREATION_PAGE_WHEN_CLICK_ON_ADD_ACCESS_BUTTON</a> <!-- method navigator-link -->
                      </span>
                      <br/>
                      <span>
                        <img src="failed.png" width="3%"/>
                        <a href="#" panel-name="suite-Suite" title="Testcases.SafeLock_New_Location" class="method navigator-link" hash-for-method="VERIFY_THAT_USER_IS_ABLE_TO_SELECT_THE_LOCK_ID_FROM_THE_DROP_DOWN_SUCCESSFULLY">VERIFY_THAT_USER_IS_ABLE_TO_SELECT_THE_LOCK_ID_FROM_THE_DROP_DOWN_SUCCESSFULLY</a> <!-- method navigator-link -->
                      </span>
                      <br/>
                      <span>
                        <img src="failed.png" width="3%"/>
                        <a href="#" panel-name="suite-Suite" title="Testcases.AddAccess_creation" class="method navigator-link" hash-for-method="VERIFY_THAT_USER_IS_ABLE_TO_SELECT_THE_NEXT_STEP_BUTTON_ON_ADD_ACCESS_PAGE">VERIFY_THAT_USER_IS_ABLE_TO_SELECT_THE_NEXT_STEP_BUTTON_ON_ADD_ACCESS_PAGE</a> <!-- method navigator-link -->
                      </span>
                      <br/>
                      <span>
                        <img src="failed.png" width="3%"/>
                        <a href="#" panel-name="suite-Suite" title="Testcases.AddAccess_creation" class="method navigator-link" hash-for-method="VERIFY_THAT_USER_IS_ABLE_TO_SELECT_THE_NEXT_STEp_BUTTON_ON_ADD_ACCESS_PAGE">VERIFY_THAT_USER_IS_ABLE_TO_SELECT_THE_NEXT_STEp_BUTTON_ON_ADD_ACCESS_PAGE</a> <!-- method navigator-link -->
                      </span>
                      <br/>
                      <span>
                        <img src="failed.png" width="3%"/>
                        <a href="#" panel-name="suite-Suite" title="Testcases.SafeLock_New_Location" class="method navigator-link" hash-for-method="VERIFY_THAT_USER_IS_ENTER_THE_LOCK_NAME_SUCCESSFULLY">VERIFY_THAT_USER_IS_ENTER_THE_LOCK_NAME_SUCCESSFULLY</a> <!-- method navigator-link -->
                      </span>
                      <br/>
                      <span>
                        <img src="failed.png" width="3%"/>
                        <a href="#" panel-name="suite-Suite" title="Testcases.AddAccess_creation" class="method navigator-link" hash-for-method="VERIFY_THAT_USER_IS_SELECT_THE_LOCATION_FROM_THE_DROPDOWN">VERIFY_THAT_USER_IS_SELECT_THE_LOCATION_FROM_THE_DROPDOWN</a> <!-- method navigator-link -->
                      </span>
                      <br/>
                      <span>
                        <img src="failed.png" width="3%"/>
                        <a href="#" panel-name="suite-Suite" title="Testcases.AddAccess_creation" class="method navigator-link" hash-for-method="VERIFY_THAT_USER_IS_SELECT_THE_LOCK_ID_FROM_THE_LOCKS_DROP_DOWN">VERIFY_THAT_USER_IS_SELECT_THE_LOCK_ID_FROM_THE_LOCKS_DROP_DOWN</a> <!-- method navigator-link -->
                      </span>
                      <br/>
                      <span>
                        <img src="failed.png" width="3%"/>
                        <a href="#" panel-name="suite-Suite" title="Testcases.AddAccess_creation" class="method navigator-link" hash-for-method="VERIFY_THAT_USER_IS_SELECT_THE_USER_NAME_FROM_THE_USERS_DROP_DOWN">VERIFY_THAT_USER_IS_SELECT_THE_USER_NAME_FROM_THE_USERS_DROP_DOWN</a> <!-- method navigator-link -->
                      </span>
                      <br/>
                      <span>
                        <img src="failed.png" width="3%"/>
                        <a href="#" panel-name="suite-Suite" title="Testcases.SafeLock_New_Location" class="method navigator-link" hash-for-method="VERIFY_USER_NAVIGATED_INTO_LOCATION_PAGE">VERIFY_USER_NAVIGATED_INTO_LOCATION_PAGE</a> <!-- method navigator-link -->
                      </span>
                      <br/>
                    </div> <!-- method-list-content failed suite-Suite -->
                  </li>
                  <li>
                    <span class="method-list-title passed">Passed methods</span>
                    <span class="show-or-hide-methods passed">
                      <a href="#" panel-name="suite-Suite" class="hide-methods passed suite-Suite"> (hide)</a> <!-- hide-methods passed suite-Suite -->
                      <a href="#" panel-name="suite-Suite" class="show-methods passed suite-Suite"> (show)</a> <!-- show-methods passed suite-Suite -->
                    </span>
                    <div class="method-list-content passed suite-Suite">
                      <span>
                        <img src="passed.png" width="3%"/>
                        <a href="#" panel-name="suite-Suite" title="Testcases.SafeLock_New_Location" class="method navigator-link" hash-for-method="VERIFY_THAT_ABLE_TO_ENTER_THE_LOCATION_NAME_ALONG_WITH_STATE_NAME">VERIFY_THAT_ABLE_TO_ENTER_THE_LOCATION_NAME_ALONG_WITH_STATE_NAME</a> <!-- method navigator-link -->
                      </span>
                      <br/>
                      <span>
                        <img src="passed.png" width="3%"/>
                        <a href="#" panel-name="suite-Suite" title="Testcases.SafeLock_New_Location" class="method navigator-link" hash-for-method="VERIFY_THAT_ABLE_TO_SELECT_THE_COUNTRY_ON_THE_ADD_LOCATION_POPUP">VERIFY_THAT_ABLE_TO_SELECT_THE_COUNTRY_ON_THE_ADD_LOCATION_POPUP</a> <!-- method navigator-link -->
                      </span>
                      <br/>
                      <span>
                        <img src="passed.png" width="3%"/>
                        <a href="#" panel-name="suite-Suite" title="Testcases.SafeLock_New_Location" class="method navigator-link" hash-for-method="VERIFY_THAT_ADD_LOCATION_PAGE_IS_NAVIGATED_BY_CLICKING_ON_PLUS_ICON">VERIFY_THAT_ADD_LOCATION_PAGE_IS_NAVIGATED_BY_CLICKING_ON_PLUS_ICON</a> <!-- method navigator-link -->
                      </span>
                      <br/>
                      <span>
                        <img src="passed.png" width="3%"/>
                        <a href="#" panel-name="suite-Suite" title="Testcases.New_User_Creation" class="method navigator-link" hash-for-method="VERIFY_THAT_CONFIRM_PASSWORD_IS_FILLED_WITH_DEFAULT_PASSWORD">VERIFY_THAT_CONFIRM_PASSWORD_IS_FILLED_WITH_DEFAULT_PASSWORD</a> <!-- method navigator-link -->
                      </span>
                      <br/>
                      <span>
                        <img src="passed.png" width="3%"/>
                        <a href="#" panel-name="suite-Suite" title="Testcases.New_User_Creation" class="method navigator-link" hash-for-method="VERIFY_THAT_DEFAULT_PASSWORD_DISPLAYED_AS_ENCRYPED_FORMAT_IN_PASSWORD_FIELD">VERIFY_THAT_DEFAULT_PASSWORD_DISPLAYED_AS_ENCRYPED_FORMAT_IN_PASSWORD_FIELD</a> <!-- method navigator-link -->
                      </span>
                      <br/>
                      <span>
                        <img src="passed.png" width="3%"/>
                        <a href="#" panel-name="suite-Suite" title="Testcases.SafeLock_New_Location" class="method navigator-link" hash-for-method="VERIFY_THAT_LOCK_MAPPING_POPOUP_APPEARED_BY_CLICK_ON_LOCK_MAPPING_BUTTON">VERIFY_THAT_LOCK_MAPPING_POPOUP_APPEARED_BY_CLICK_ON_LOCK_MAPPING_BUTTON</a> <!-- method navigator-link -->
                      </span>
                      <br/>
                      <span>
                        <img src="passed.png" width="3%"/>
                        <a href="#" panel-name="suite-Suite" title="Testcases.SafeLock_New_Location" class="method navigator-link" hash-for-method="VERIFY_THAT_NEW_LOCATION_ADDED_SUCCESSFULLY_BY_CLICK_ON_SUBMIT">VERIFY_THAT_NEW_LOCATION_ADDED_SUCCESSFULLY_BY_CLICK_ON_SUBMIT</a> <!-- method navigator-link -->
                      </span>
                      <br/>
                      <span>
                        <img src="passed.png" width="3%"/>
                        <a href="#" panel-name="suite-Suite" title="Testcases.SafeLock_Login" class="method navigator-link" hash-for-method="VERIFY_THAT_SAFELOCK_CUSTOMER_URL_LAUNCHED_SUCCESSFULLY">VERIFY_THAT_SAFELOCK_CUSTOMER_URL_LAUNCHED_SUCCESSFULLY</a> <!-- method navigator-link -->
                      </span>
                      <br/>
                      <span>
                        <img src="passed.png" width="3%"/>
                        <a href="#" panel-name="suite-Suite" title="Testcases.New_User_Creation" class="method navigator-link" hash-for-method="VERIFY_THAT_USER_ABLE_TO_ENTER_MAILID_SUCCESSFULLY">VERIFY_THAT_USER_ABLE_TO_ENTER_MAILID_SUCCESSFULLY</a> <!-- method navigator-link -->
                      </span>
                      <br/>
                      <span>
                        <img src="passed.png" width="3%"/>
                        <a href="#" panel-name="suite-Suite" title="Testcases.New_User_Creation" class="method navigator-link" hash-for-method="VERIFY_THAT_USER_ABLE_TO_SELECT_THE_INDIA_Dial_CODE">VERIFY_THAT_USER_ABLE_TO_SELECT_THE_INDIA_Dial_CODE</a> <!-- method navigator-link -->
                      </span>
                      <br/>
                      <span>
                        <img src="passed.png" width="3%"/>
                        <a href="#" panel-name="suite-Suite" title="Testcases.New_User_Creation" class="method navigator-link" hash-for-method="VERIFY_THAT_USER_ENTER_THE_USERNAME_IN_USERNAME_FIELD">VERIFY_THAT_USER_ENTER_THE_USERNAME_IN_USERNAME_FIELD</a> <!-- method navigator-link -->
                      </span>
                      <br/>
                      <span>
                        <img src="passed.png" width="3%"/>
                        <a href="#" panel-name="suite-Suite" title="Testcases.New_User_Creation" class="method navigator-link" hash-for-method="VERIFY_THAT_USER_IS_ABLE_TO_ENTER_THE_10_DIGIT_MOBILE_NUMBER_ON_MOBILE_NUMBER_FIELD">VERIFY_THAT_USER_IS_ABLE_TO_ENTER_THE_10_DIGIT_MOBILE_NUMBER_ON_MOBILE_NUMBER_FIELD</a> <!-- method navigator-link -->
                      </span>
                      <br/>
                      <span>
                        <img src="passed.png" width="3%"/>
                        <a href="#" panel-name="suite-Suite" title="Testcases.New_User_Creation" class="method navigator-link" hash-for-method="VERIFY_THAT_USER_IS_ABLE_TO_SELECT_THE_ACCESS_ROLE">VERIFY_THAT_USER_IS_ABLE_TO_SELECT_THE_ACCESS_ROLE</a> <!-- method navigator-link -->
                      </span>
                      <br/>
                      <span>
                        <img src="passed.png" width="3%"/>
                        <a href="#" panel-name="suite-Suite" title="Testcases.New_User_Creation" class="method navigator-link" hash-for-method="VERIFY_THAT_USER_IS_ABLE_TO_SELECT_THE_LOCATION_IN_LOCATION_FIELD">VERIFY_THAT_USER_IS_ABLE_TO_SELECT_THE_LOCATION_IN_LOCATION_FIELD</a> <!-- method navigator-link -->
                      </span>
                      <br/>
                      <span>
                        <img src="passed.png" width="3%"/>
                        <a href="#" panel-name="suite-Suite" title="Testcases.New_User_Creation" class="method navigator-link" hash-for-method="VERIFY_THAT_USER_IS_ABLE_TO_SELECT_THE_LOCATION_LEVEL_AS_COUNTRY_IN_LEVEL_DROPDOWN">VERIFY_THAT_USER_IS_ABLE_TO_SELECT_THE_LOCATION_LEVEL_AS_COUNTRY_IN_LEVEL_DROPDOWN</a> <!-- method navigator-link -->
                      </span>
                      <br/>
                      <span>
                        <img src="passed.png" width="3%"/>
                        <a href="#" panel-name="suite-Suite" title="Testcases.New_User_Creation" class="method navigator-link" hash-for-method="VERIFY_THAT_USER_IS_NAVIGATED_INTO_ADD_USER_SECTION_WHEN_CLICK_ON_ADD_USER_BUTTON">VERIFY_THAT_USER_IS_NAVIGATED_INTO_ADD_USER_SECTION_WHEN_CLICK_ON_ADD_USER_BUTTON</a> <!-- method navigator-link -->
                      </span>
                      <br/>
                      <span>
                        <img src="passed.png" width="3%"/>
                        <a href="#" panel-name="suite-Suite" title="Testcases.New_User_Creation" class="method navigator-link" hash-for-method="VERIFY_THAT_USER_MENU_IS_CLICKED_SUCCESSFULLY">VERIFY_THAT_USER_MENU_IS_CLICKED_SUCCESSFULLY</a> <!-- method navigator-link -->
                      </span>
                      <br/>
                    </div> <!-- method-list-content passed suite-Suite -->
                  </li>
                </ul>
              </div> <!-- suite-section-content -->
            </div> <!-- result-section -->
          </div> <!-- navigator-suite-content -->
        </div> <!-- rounded-window -->
      </div> <!-- suite -->
    </div> <!-- navigator-root -->
    <div class="wrapper">
      <div class="main-panel-root">
        <div panel-name="suite-Suite" class="panel Suite">
          <div class="suite-Suite-class-failed">
            <div class="main-panel-header rounded-window-top">
              <img src="failed.png"/>
              <span class="class-name">Testcases.New_User_Creation</span>
            </div> <!-- main-panel-header rounded-window-top -->
            <div class="main-panel-content rounded-window-bottom">
              <div class="method">
                <div class="method-content">
                  <a name="VERIFY_THAT_NEW_USER_IS_CREATED_SUCCESSFULLY_BY_CLICKING_THE_SUBMIT_BUTTON">
                  </a> <!-- VERIFY_THAT_NEW_USER_IS_CREATED_SUCCESSFULLY_BY_CLICKING_THE_SUBMIT_BUTTON -->
                  <span class="method-name">VERIFY_THAT_NEW_USER_IS_CREATED_SUCCESSFULLY_BY_CLICKING_THE_SUBMIT_BUTTON</span>
                  <div class="stack-trace">java.lang.AssertionError: Popup message does not contain the expected text. expected [true] but found [false]
	at Testcases.New_User_Creation.VERIFY_THAT_NEW_USER_IS_CREATED_SUCCESSFULLY_BY_CLICKING_THE_SUBMIT_BUTTON(New_User_Creation.java:166)
	at java.base/java.util.ArrayList.forEach(ArrayList.java:1541)
... Removed 30 stack frames
</div> <!-- stack-trace -->
                </div> <!-- method-content -->
              </div> <!-- method -->
            </div> <!-- main-panel-content rounded-window-bottom -->
          </div> <!-- suite-Suite-class-failed -->
          <div class="suite-Suite-class-failed">
            <div class="main-panel-header rounded-window-top">
              <img src="failed.png"/>
              <span class="class-name">Testcases.SafeLock_New_Location</span>
            </div> <!-- main-panel-header rounded-window-top -->
            <div class="main-panel-content rounded-window-bottom">
              <div class="method">
                <div class="method-content">
                  <a name="VERIFY_THAT_CREATED_LOCATION_DISPLAYED_IN_LOCATION_GRID_SECTION">
                  </a> <!-- VERIFY_THAT_CREATED_LOCATION_DISPLAYED_IN_LOCATION_GRID_SECTION -->
                  <span class="method-name">VERIFY_THAT_CREATED_LOCATION_DISPLAYED_IN_LOCATION_GRID_SECTION</span>
                  <div class="stack-trace">org.openqa.selenium.ElementClickInterceptedException: element click intercepted: Element &lt;div class=&quot;flex flex-col&quot;&gt;...&lt;/div&gt; is not clickable at point (149, 124). Other element would receive the click: &lt;div class=&quot;mantine-Modal-overlay m_9814e45f mantine-Overlay-root&quot; data-fixed=&quot;true&quot; style=&quot;--overlay-bg: rgba(0, 0, 0, 0.1); --overlay-filter: blur(calc(0.125rem * var(--mantine-scale))); --overlay-z-index: 200; transition-property: opacity; transition-duration: 300ms; transition-timing-function: ease; opacity: 1;&quot;&gt;&lt;/div&gt;
  (Session info: chrome=128.0.6613.121)
Build info: version: &apos;4.9.1&apos;, revision: &apos;eb2032df7f&apos;
System info: os.name: &apos;Windows 10&apos;, os.arch: &apos;amd64&apos;, os.version: &apos;10.0&apos;, java.version: &apos;11.0.24&apos;
Driver info: org.openqa.selenium.chrome.ChromeDriver
Command: [fcfd907c32c5897711e2f8ed97135223, clickElement {id=f.1C84090747EF308DE722A9C34A383171.d.E669502B15CCBD963842292393EEED81.e.308}]
Capabilities {acceptInsecureCerts: false, browserName: chrome, browserVersion: 128.0.6613.121, chrome: {chromedriverVersion: 128.0.6613.119 (6e439cfca4d..., userDataDir: C:\Users\mallika\AppData\Lo...}, fedcm:accounts: true, goog:chromeOptions: {debuggerAddress: localhost:63605}, networkConnectionEnabled: false, pageLoadStrategy: normal, platformName: windows, proxy: Proxy(), se:cdp: ws://localhost:63605/devtoo..., se:cdpVersion: 128.0.6613.121, setWindowRect: true, strictFileInteractability: false, timeouts: {implicit: 0, pageLoad: 300000, script: 30000}, unhandledPromptBehavior: dismiss and notify, webauthn:extension:credBlob: true, webauthn:extension:largeBlob: true, webauthn:extension:minPinLength: true, webauthn:extension:prf: true, webauthn:virtualAuthenticators: true}
Element: [[ChromeDriver: chrome on windows (fcfd907c32c5897711e2f8ed97135223)] -&gt; xpath: //div[@class=&apos;flex flex-col&apos;]]
Session ID: fcfd907c32c5897711e2f8ed97135223
	at org.openqa.selenium.remote.codec.w3c.W3CHttpResponseCodec.createException(W3CHttpResponseCodec.java:200)
	at org.openqa.selenium.remote.codec.w3c.W3CHttpResponseCodec.decode(W3CHttpResponseCodec.java:133)
	at org.openqa.selenium.remote.codec.w3c.W3CHttpResponseCodec.decode(W3CHttpResponseCodec.java:53)
	at org.openqa.selenium.remote.HttpCommandExecutor.execute(HttpCommandExecutor.java:193)
	at org.openqa.selenium.remote.service.DriverCommandExecutor.invokeExecute(DriverCommandExecutor.java:183)
	at org.openqa.selenium.remote.service.DriverCommandExecutor.execute(DriverCommandExecutor.java:158)
	at org.openqa.selenium.remote.RemoteWebDriver.execute(RemoteWebDriver.java:543)
	at org.openqa.selenium.remote.RemoteWebElement.execute(RemoteWebElement.java:257)
	at org.openqa.selenium.remote.RemoteWebElement.click(RemoteWebElement.java:78)
	at org.openqa.selenium.support.pagefactory.internal.LocatingElementHandler.invoke(LocatingElementHandler.java:52)
	at com.sun.proxy.$Proxy20.click(Unknown Source)
	at BaseSetup.Basesetup.clickElement(Basesetup.java:102)
	at Testcases.SafeLock_New_Location.VERIFY_THAT_CREATED_LOCATION_DISPLAYED_IN_LOCATION_GRID_SECTION(SafeLock_New_Location.java:75)
	at java.base/java.util.ArrayList.forEach(ArrayList.java:1541)
... Removed 34 stack frames
</div> <!-- stack-trace -->
                </div> <!-- method-content -->
              </div> <!-- method -->
              <div class="method">
                <div class="method-content">
                  <a name="VERIFY_THAT_LOCK_MAPPED_WITH_SELECTED_LOCATION_BY_CLICK_ON_SUBMIT">
                  </a> <!-- VERIFY_THAT_LOCK_MAPPED_WITH_SELECTED_LOCATION_BY_CLICK_ON_SUBMIT -->
                  <span class="method-name">VERIFY_THAT_LOCK_MAPPED_WITH_SELECTED_LOCATION_BY_CLICK_ON_SUBMIT</span>
                  <div class="stack-trace">org.openqa.selenium.NoSuchWindowException: no such window: target window already closed
from unknown error: web view not found
  (Session info: chrome=128.0.6613.121)
Build info: version: &apos;4.9.1&apos;, revision: &apos;eb2032df7f&apos;
System info: os.name: &apos;Windows 10&apos;, os.arch: &apos;amd64&apos;, os.version: &apos;10.0&apos;, java.version: &apos;11.0.24&apos;
Driver info: org.openqa.selenium.chrome.ChromeDriver
Command: [fcfd907c32c5897711e2f8ed97135223, actions {actions=[org.openqa.selenium.interactions.Sequence@4f811029]}]
Capabilities {acceptInsecureCerts: false, browserName: chrome, browserVersion: 128.0.6613.121, chrome: {chromedriverVersion: 128.0.6613.119 (6e439cfca4d..., userDataDir: C:\Users\mallika\AppData\Lo...}, fedcm:accounts: true, goog:chromeOptions: {debuggerAddress: localhost:63605}, networkConnectionEnabled: false, pageLoadStrategy: normal, platformName: windows, proxy: Proxy(), se:cdp: ws://localhost:63605/devtoo..., se:cdpVersion: 128.0.6613.121, setWindowRect: true, strictFileInteractability: false, timeouts: {implicit: 0, pageLoad: 300000, script: 30000}, unhandledPromptBehavior: dismiss and notify, webauthn:extension:credBlob: true, webauthn:extension:largeBlob: true, webauthn:extension:minPinLength: true, webauthn:extension:prf: true, webauthn:virtualAuthenticators: true}
Session ID: fcfd907c32c5897711e2f8ed97135223
	at org.openqa.selenium.remote.codec.w3c.W3CHttpResponseCodec.createException(W3CHttpResponseCodec.java:200)
	at org.openqa.selenium.remote.codec.w3c.W3CHttpResponseCodec.decode(W3CHttpResponseCodec.java:133)
	at org.openqa.selenium.remote.codec.w3c.W3CHttpResponseCodec.decode(W3CHttpResponseCodec.java:53)
	at org.openqa.selenium.remote.HttpCommandExecutor.execute(HttpCommandExecutor.java:193)
	at org.openqa.selenium.remote.service.DriverCommandExecutor.invokeExecute(DriverCommandExecutor.java:183)
	at org.openqa.selenium.remote.service.DriverCommandExecutor.execute(DriverCommandExecutor.java:158)
	at org.openqa.selenium.remote.RemoteWebDriver.execute(RemoteWebDriver.java:543)
	at org.openqa.selenium.remote.RemoteWebDriver.perform(RemoteWebDriver.java:611)
	at org.openqa.selenium.interactions.Actions$BuiltAction.perform(Actions.java:567)
	at org.openqa.selenium.interactions.Actions.perform(Actions.java:536)
	at Testcases.SafeLock_New_Location.VERIFY_THAT_LOCK_MAPPED_WITH_SELECTED_LOCATION_BY_CLICK_ON_SUBMIT(SafeLock_New_Location.java:128)
	at java.base/java.util.ArrayList.forEach(ArrayList.java:1541)
... Removed 31 stack frames
</div> <!-- stack-trace -->
                </div> <!-- method-content -->
              </div> <!-- method -->
              <div class="method">
                <div class="method-content">
                  <a name="VERIFY_THAT_USER_IS_ABLE_TO_SELECT_THE_LOCK_ID_FROM_THE_DROP_DOWN_SUCCESSFULLY">
                  </a> <!-- VERIFY_THAT_USER_IS_ABLE_TO_SELECT_THE_LOCK_ID_FROM_THE_DROP_DOWN_SUCCESSFULLY -->
                  <span class="method-name">VERIFY_THAT_USER_IS_ABLE_TO_SELECT_THE_LOCK_ID_FROM_THE_DROP_DOWN_SUCCESSFULLY</span>
                  <div class="stack-trace">org.openqa.selenium.NoSuchWindowException: no such window: target window already closed
from unknown error: web view not found
  (Session info: chrome=128.0.6613.121)
Build info: version: &apos;4.9.1&apos;, revision: &apos;eb2032df7f&apos;
System info: os.name: &apos;Windows 10&apos;, os.arch: &apos;amd64&apos;, os.version: &apos;10.0&apos;, java.version: &apos;11.0.24&apos;
Driver info: org.openqa.selenium.chrome.ChromeDriver
Command: [fcfd907c32c5897711e2f8ed97135223, actions {actions=[org.openqa.selenium.interactions.Sequence@1693ff90]}]
Capabilities {acceptInsecureCerts: false, browserName: chrome, browserVersion: 128.0.6613.121, chrome: {chromedriverVersion: 128.0.6613.119 (6e439cfca4d..., userDataDir: C:\Users\mallika\AppData\Lo...}, fedcm:accounts: true, goog:chromeOptions: {debuggerAddress: localhost:63605}, networkConnectionEnabled: false, pageLoadStrategy: normal, platformName: windows, proxy: Proxy(), se:cdp: ws://localhost:63605/devtoo..., se:cdpVersion: 128.0.6613.121, setWindowRect: true, strictFileInteractability: false, timeouts: {implicit: 0, pageLoad: 300000, script: 30000}, unhandledPromptBehavior: dismiss and notify, webauthn:extension:credBlob: true, webauthn:extension:largeBlob: true, webauthn:extension:minPinLength: true, webauthn:extension:prf: true, webauthn:virtualAuthenticators: true}
Session ID: fcfd907c32c5897711e2f8ed97135223
	at org.openqa.selenium.remote.codec.w3c.W3CHttpResponseCodec.createException(W3CHttpResponseCodec.java:200)
	at org.openqa.selenium.remote.codec.w3c.W3CHttpResponseCodec.decode(W3CHttpResponseCodec.java:133)
	at org.openqa.selenium.remote.codec.w3c.W3CHttpResponseCodec.decode(W3CHttpResponseCodec.java:53)
	at org.openqa.selenium.remote.HttpCommandExecutor.execute(HttpCommandExecutor.java:193)
	at org.openqa.selenium.remote.service.DriverCommandExecutor.invokeExecute(DriverCommandExecutor.java:183)
	at org.openqa.selenium.remote.service.DriverCommandExecutor.execute(DriverCommandExecutor.java:158)
	at org.openqa.selenium.remote.RemoteWebDriver.execute(RemoteWebDriver.java:543)
	at org.openqa.selenium.remote.RemoteWebDriver.perform(RemoteWebDriver.java:611)
	at org.openqa.selenium.interactions.Actions$BuiltAction.perform(Actions.java:567)
	at org.openqa.selenium.interactions.Actions.perform(Actions.java:536)
	at Testcases.SafeLock_New_Location.VERIFY_THAT_USER_IS_ABLE_TO_SELECT_THE_LOCK_ID_FROM_THE_DROP_DOWN_SUCCESSFULLY(SafeLock_New_Location.java:113)
	at java.base/java.util.ArrayList.forEach(ArrayList.java:1541)
... Removed 31 stack frames
</div> <!-- stack-trace -->
                </div> <!-- method-content -->
              </div> <!-- method -->
              <div class="method">
                <div class="method-content">
                  <a name="VERIFY_THAT_USER_IS_ENTER_THE_LOCK_NAME_SUCCESSFULLY">
                  </a> <!-- VERIFY_THAT_USER_IS_ENTER_THE_LOCK_NAME_SUCCESSFULLY -->
                  <span class="method-name">VERIFY_THAT_USER_IS_ENTER_THE_LOCK_NAME_SUCCESSFULLY</span>
                  <div class="stack-trace">org.openqa.selenium.NoSuchWindowException: no such window: target window already closed
from unknown error: web view not found
  (Session info: chrome=128.0.6613.121)
Build info: version: &apos;4.9.1&apos;, revision: &apos;eb2032df7f&apos;
System info: os.name: &apos;Windows 10&apos;, os.arch: &apos;amd64&apos;, os.version: &apos;10.0&apos;, java.version: &apos;11.0.24&apos;
Driver info: org.openqa.selenium.chrome.ChromeDriver
Command: [fcfd907c32c5897711e2f8ed97135223, findElement {using=xpath, value=//input[@class=&apos;m_8fb7ebe7 mantine-Input-input mantine-TextInput-input&apos;]}]
Capabilities {acceptInsecureCerts: false, browserName: chrome, browserVersion: 128.0.6613.121, chrome: {chromedriverVersion: 128.0.6613.119 (6e439cfca4d..., userDataDir: C:\Users\mallika\AppData\Lo...}, fedcm:accounts: true, goog:chromeOptions: {debuggerAddress: localhost:63605}, networkConnectionEnabled: false, pageLoadStrategy: normal, platformName: windows, proxy: Proxy(), se:cdp: ws://localhost:63605/devtoo..., se:cdpVersion: 128.0.6613.121, setWindowRect: true, strictFileInteractability: false, timeouts: {implicit: 0, pageLoad: 300000, script: 30000}, unhandledPromptBehavior: dismiss and notify, webauthn:extension:credBlob: true, webauthn:extension:largeBlob: true, webauthn:extension:minPinLength: true, webauthn:extension:prf: true, webauthn:virtualAuthenticators: true}
Session ID: fcfd907c32c5897711e2f8ed97135223
	at org.openqa.selenium.remote.codec.w3c.W3CHttpResponseCodec.createException(W3CHttpResponseCodec.java:200)
	at org.openqa.selenium.remote.codec.w3c.W3CHttpResponseCodec.decode(W3CHttpResponseCodec.java:133)
	at org.openqa.selenium.remote.codec.w3c.W3CHttpResponseCodec.decode(W3CHttpResponseCodec.java:53)
	at org.openqa.selenium.remote.HttpCommandExecutor.execute(HttpCommandExecutor.java:193)
	at org.openqa.selenium.remote.service.DriverCommandExecutor.invokeExecute(DriverCommandExecutor.java:183)
	at org.openqa.selenium.remote.service.DriverCommandExecutor.execute(DriverCommandExecutor.java:158)
	at org.openqa.selenium.remote.RemoteWebDriver.execute(RemoteWebDriver.java:543)
	at org.openqa.selenium.remote.ElementLocation$ElementFinder$2.findElement(ElementLocation.java:162)
	at org.openqa.selenium.remote.ElementLocation.findElement(ElementLocation.java:60)
	at org.openqa.selenium.remote.RemoteWebDriver.findElement(RemoteWebDriver.java:352)
	at org.openqa.selenium.remote.RemoteWebDriver.findElement(RemoteWebDriver.java:344)
	at org.openqa.selenium.support.pagefactory.DefaultElementLocator.findElement(DefaultElementLocator.java:70)
	at org.openqa.selenium.support.pagefactory.internal.LocatingElementHandler.invoke(LocatingElementHandler.java:39)
	at com.sun.proxy.$Proxy20.sendKeys(Unknown Source)
	at Testcases.SafeLock_New_Location.VERIFY_THAT_USER_IS_ENTER_THE_LOCK_NAME_SUCCESSFULLY(SafeLock_New_Location.java:103)
	at java.base/java.util.ArrayList.forEach(ArrayList.java:1541)
... Removed 31 stack frames
</div> <!-- stack-trace -->
                </div> <!-- method-content -->
              </div> <!-- method -->
              <div class="method">
                <div class="method-content">
                  <a name="VERIFY_USER_NAVIGATED_INTO_LOCATION_PAGE">
                  </a> <!-- VERIFY_USER_NAVIGATED_INTO_LOCATION_PAGE -->
                  <span class="method-name">VERIFY_USER_NAVIGATED_INTO_LOCATION_PAGE</span>
                  <div class="stack-trace">org.openqa.selenium.ElementClickInterceptedException: element click intercepted: Element &lt;a class=&quot;mini-nav-link&quot; href=&quot;/location&quot;&gt;...&lt;/a&gt; is not clickable at point (40, 141). Other element would receive the click: &lt;div class=&quot;mantine-Modal-overlay m_9814e45f mantine-Overlay-root&quot; data-fixed=&quot;true&quot; style=&quot;--overlay-bg: rgba(0, 0, 0, 0.1); --overlay-filter: blur(calc(0.125rem * var(--mantine-scale))); --overlay-z-index: 200; transition-property: opacity; transition-duration: 300ms; transition-timing-function: ease; opacity: 1;&quot;&gt;&lt;/div&gt;
  (Session info: chrome=128.0.6613.121)
Build info: version: &apos;4.9.1&apos;, revision: &apos;eb2032df7f&apos;
System info: os.name: &apos;Windows 10&apos;, os.arch: &apos;amd64&apos;, os.version: &apos;10.0&apos;, java.version: &apos;11.0.24&apos;
Driver info: org.openqa.selenium.chrome.ChromeDriver
Command: [fcfd907c32c5897711e2f8ed97135223, clickElement {id=f.1C84090747EF308DE722A9C34A383171.d.E669502B15CCBD963842292393EEED81.e.291}]
Capabilities {acceptInsecureCerts: false, browserName: chrome, browserVersion: 128.0.6613.121, chrome: {chromedriverVersion: 128.0.6613.119 (6e439cfca4d..., userDataDir: C:\Users\mallika\AppData\Lo...}, fedcm:accounts: true, goog:chromeOptions: {debuggerAddress: localhost:63605}, networkConnectionEnabled: false, pageLoadStrategy: normal, platformName: windows, proxy: Proxy(), se:cdp: ws://localhost:63605/devtoo..., se:cdpVersion: 128.0.6613.121, setWindowRect: true, strictFileInteractability: false, timeouts: {implicit: 0, pageLoad: 300000, script: 30000}, unhandledPromptBehavior: dismiss and notify, webauthn:extension:credBlob: true, webauthn:extension:largeBlob: true, webauthn:extension:minPinLength: true, webauthn:extension:prf: true, webauthn:virtualAuthenticators: true}
Element: [[ChromeDriver: chrome on windows (fcfd907c32c5897711e2f8ed97135223)] -&gt; xpath: //a[@href=&apos;/location&apos;]]
Session ID: fcfd907c32c5897711e2f8ed97135223
	at org.openqa.selenium.remote.codec.w3c.W3CHttpResponseCodec.createException(W3CHttpResponseCodec.java:200)
	at org.openqa.selenium.remote.codec.w3c.W3CHttpResponseCodec.decode(W3CHttpResponseCodec.java:133)
	at org.openqa.selenium.remote.codec.w3c.W3CHttpResponseCodec.decode(W3CHttpResponseCodec.java:53)
	at org.openqa.selenium.remote.HttpCommandExecutor.execute(HttpCommandExecutor.java:193)
	at org.openqa.selenium.remote.service.DriverCommandExecutor.invokeExecute(DriverCommandExecutor.java:183)
	at org.openqa.selenium.remote.service.DriverCommandExecutor.execute(DriverCommandExecutor.java:158)
	at org.openqa.selenium.remote.RemoteWebDriver.execute(RemoteWebDriver.java:543)
	at org.openqa.selenium.remote.RemoteWebElement.execute(RemoteWebElement.java:257)
	at org.openqa.selenium.remote.RemoteWebElement.click(RemoteWebElement.java:78)
	at org.openqa.selenium.support.pagefactory.internal.LocatingElementHandler.invoke(LocatingElementHandler.java:52)
	at com.sun.proxy.$Proxy20.click(Unknown Source)
	at BaseSetup.Basesetup.clickElement(Basesetup.java:102)
	at Testcases.SafeLock_New_Location.VERIFY_USER_NAVIGATED_INTO_LOCATION_PAGE(SafeLock_New_Location.java:28)
	at java.base/java.util.ArrayList.forEach(ArrayList.java:1541)
... Removed 35 stack frames
</div> <!-- stack-trace -->
                </div> <!-- method-content -->
              </div> <!-- method -->
            </div> <!-- main-panel-content rounded-window-bottom -->
          </div> <!-- suite-Suite-class-failed -->
          <div class="suite-Suite-class-failed">
            <div class="main-panel-header rounded-window-top">
              <img src="failed.png"/>
              <span class="class-name">Testcases.AddAccess_creation</span>
            </div> <!-- main-panel-header rounded-window-top -->
            <div class="main-panel-content rounded-window-bottom">
              <div class="method">
                <div class="method-content">
                  <a name="VERIFY_THAT_ADDACCESS_LINK_IS_CLICKED_BY_THE_USER_AND_NAVIAGTED_INTO_ACCESS_PAGE">
                  </a> <!-- VERIFY_THAT_ADDACCESS_LINK_IS_CLICKED_BY_THE_USER_AND_NAVIAGTED_INTO_ACCESS_PAGE -->
                  <span class="method-name">VERIFY_THAT_ADDACCESS_LINK_IS_CLICKED_BY_THE_USER_AND_NAVIAGTED_INTO_ACCESS_PAGE</span>
                  <div class="stack-trace">org.openqa.selenium.NoSuchWindowException: no such window: target window already closed
from unknown error: web view not found
  (Session info: chrome=128.0.6613.121)
Build info: version: &apos;4.9.1&apos;, revision: &apos;eb2032df7f&apos;
System info: os.name: &apos;Windows 10&apos;, os.arch: &apos;amd64&apos;, os.version: &apos;10.0&apos;, java.version: &apos;11.0.24&apos;
Driver info: org.openqa.selenium.chrome.ChromeDriver
Command: [fcfd907c32c5897711e2f8ed97135223, findElement {using=xpath, value=//a[@href=&apos;/access&apos;]}]
Capabilities {acceptInsecureCerts: false, browserName: chrome, browserVersion: 128.0.6613.121, chrome: {chromedriverVersion: 128.0.6613.119 (6e439cfca4d..., userDataDir: C:\Users\mallika\AppData\Lo...}, fedcm:accounts: true, goog:chromeOptions: {debuggerAddress: localhost:63605}, networkConnectionEnabled: false, pageLoadStrategy: normal, platformName: windows, proxy: Proxy(), se:cdp: ws://localhost:63605/devtoo..., se:cdpVersion: 128.0.6613.121, setWindowRect: true, strictFileInteractability: false, timeouts: {implicit: 0, pageLoad: 300000, script: 30000}, unhandledPromptBehavior: dismiss and notify, webauthn:extension:credBlob: true, webauthn:extension:largeBlob: true, webauthn:extension:minPinLength: true, webauthn:extension:prf: true, webauthn:virtualAuthenticators: true}
Session ID: fcfd907c32c5897711e2f8ed97135223
	at org.openqa.selenium.remote.codec.w3c.W3CHttpResponseCodec.createException(W3CHttpResponseCodec.java:200)
	at org.openqa.selenium.remote.codec.w3c.W3CHttpResponseCodec.decode(W3CHttpResponseCodec.java:133)
	at org.openqa.selenium.remote.codec.w3c.W3CHttpResponseCodec.decode(W3CHttpResponseCodec.java:53)
	at org.openqa.selenium.remote.HttpCommandExecutor.execute(HttpCommandExecutor.java:193)
	at org.openqa.selenium.remote.service.DriverCommandExecutor.invokeExecute(DriverCommandExecutor.java:183)
	at org.openqa.selenium.remote.service.DriverCommandExecutor.execute(DriverCommandExecutor.java:158)
	at org.openqa.selenium.remote.RemoteWebDriver.execute(RemoteWebDriver.java:543)
	at org.openqa.selenium.remote.ElementLocation$ElementFinder$2.findElement(ElementLocation.java:162)
	at org.openqa.selenium.remote.ElementLocation.findElement(ElementLocation.java:60)
	at org.openqa.selenium.remote.RemoteWebDriver.findElement(RemoteWebDriver.java:352)
	at org.openqa.selenium.remote.RemoteWebDriver.findElement(RemoteWebDriver.java:344)
	at org.openqa.selenium.support.pagefactory.DefaultElementLocator.findElement(DefaultElementLocator.java:70)
	at org.openqa.selenium.support.pagefactory.internal.LocatingElementHandler.invoke(LocatingElementHandler.java:39)
	at com.sun.proxy.$Proxy20.toString(Unknown Source)
	at java.base/java.lang.String.valueOf(String.java:2951)
	at java.base/java.lang.StringBuilder.append(StringBuilder.java:173)
	at org.openqa.selenium.support.ui.ExpectedConditions$23.toString(ExpectedConditions.java:673)
	at java.base/java.lang.String.valueOf(String.java:2951)
	at java.base/java.lang.StringBuilder.append(StringBuilder.java:173)
	at org.openqa.selenium.support.ui.FluentWait.until(FluentWait.java:229)
	at BaseSetup.Basesetup.clickElement(Basesetup.java:102)
	at Testcases.AddAccess_creation.VERIFY_THAT_ADDACCESS_LINK_IS_CLICKED_BY_THE_USER_AND_NAVIAGTED_INTO_ACCESS_PAGE(AddAccess_creation.java:46)
	at java.base/java.util.ArrayList.forEach(ArrayList.java:1541)
... Removed 30 stack frames
</div> <!-- stack-trace -->
                </div> <!-- method-content -->
              </div> <!-- method -->
              <div class="method">
                <div class="method-content">
                  <a name="VERIFY_THAT_EVERY_DATE_CHECK_BOX_IS_SELECTED_SUCCESSFULLY">
                  </a> <!-- VERIFY_THAT_EVERY_DATE_CHECK_BOX_IS_SELECTED_SUCCESSFULLY -->
                  <span class="method-name">VERIFY_THAT_EVERY_DATE_CHECK_BOX_IS_SELECTED_SUCCESSFULLY</span>
                  <div class="stack-trace">org.openqa.selenium.NoSuchWindowException: no such window: target window already closed
from unknown error: web view not found
  (Session info: chrome=128.0.6613.121)
Build info: version: &apos;4.9.1&apos;, revision: &apos;eb2032df7f&apos;
System info: os.name: &apos;Windows 10&apos;, os.arch: &apos;amd64&apos;, os.version: &apos;10.0&apos;, java.version: &apos;11.0.24&apos;
Driver info: org.openqa.selenium.chrome.ChromeDriver
Command: [fcfd907c32c5897711e2f8ed97135223, findElement {using=xpath, value=(//input[@class=&apos;mantine-focus-auto m_26063560 mantine-Checkbox-input&apos;])[9]}]
Capabilities {acceptInsecureCerts: false, browserName: chrome, browserVersion: 128.0.6613.121, chrome: {chromedriverVersion: 128.0.6613.119 (6e439cfca4d..., userDataDir: C:\Users\mallika\AppData\Lo...}, fedcm:accounts: true, goog:chromeOptions: {debuggerAddress: localhost:63605}, networkConnectionEnabled: false, pageLoadStrategy: normal, platformName: windows, proxy: Proxy(), se:cdp: ws://localhost:63605/devtoo..., se:cdpVersion: 128.0.6613.121, setWindowRect: true, strictFileInteractability: false, timeouts: {implicit: 0, pageLoad: 300000, script: 30000}, unhandledPromptBehavior: dismiss and notify, webauthn:extension:credBlob: true, webauthn:extension:largeBlob: true, webauthn:extension:minPinLength: true, webauthn:extension:prf: true, webauthn:virtualAuthenticators: true}
Session ID: fcfd907c32c5897711e2f8ed97135223
	at org.openqa.selenium.remote.codec.w3c.W3CHttpResponseCodec.createException(W3CHttpResponseCodec.java:200)
	at org.openqa.selenium.remote.codec.w3c.W3CHttpResponseCodec.decode(W3CHttpResponseCodec.java:133)
	at org.openqa.selenium.remote.codec.w3c.W3CHttpResponseCodec.decode(W3CHttpResponseCodec.java:53)
	at org.openqa.selenium.remote.HttpCommandExecutor.execute(HttpCommandExecutor.java:193)
	at org.openqa.selenium.remote.service.DriverCommandExecutor.invokeExecute(DriverCommandExecutor.java:183)
	at org.openqa.selenium.remote.service.DriverCommandExecutor.execute(DriverCommandExecutor.java:158)
	at org.openqa.selenium.remote.RemoteWebDriver.execute(RemoteWebDriver.java:543)
	at org.openqa.selenium.remote.ElementLocation$ElementFinder$2.findElement(ElementLocation.java:162)
	at org.openqa.selenium.remote.ElementLocation.findElement(ElementLocation.java:60)
	at org.openqa.selenium.remote.RemoteWebDriver.findElement(RemoteWebDriver.java:352)
	at org.openqa.selenium.remote.RemoteWebDriver.findElement(RemoteWebDriver.java:344)
	at org.openqa.selenium.support.pagefactory.DefaultElementLocator.findElement(DefaultElementLocator.java:70)
	at org.openqa.selenium.support.pagefactory.internal.LocatingElementHandler.invoke(LocatingElementHandler.java:39)
	at com.sun.proxy.$Proxy20.toString(Unknown Source)
	at java.base/java.lang.String.valueOf(String.java:2951)
	at java.base/java.lang.StringBuilder.append(StringBuilder.java:173)
	at org.openqa.selenium.support.ui.ExpectedConditions$23.toString(ExpectedConditions.java:673)
	at java.base/java.lang.String.valueOf(String.java:2951)
	at java.base/java.lang.StringBuilder.append(StringBuilder.java:173)
	at org.openqa.selenium.support.ui.FluentWait.until(FluentWait.java:229)
	at BaseSetup.Basesetup.clickElement(Basesetup.java:102)
	at Testcases.AddAccess_creation.VERIFY_THAT_EVERY_DATE_CHECK_BOX_IS_SELECTED_SUCCESSFULLY(AddAccess_creation.java:261)
	at java.base/java.util.ArrayList.forEach(ArrayList.java:1541)
... Removed 30 stack frames
</div> <!-- stack-trace -->
                </div> <!-- method-content -->
              </div> <!-- method -->
              <div class="method">
                <div class="method-content">
                  <a name="VERIFY_THAT_FROM_DATE_IS_SELECTED_FROM_THE_CURRENT_DATE_OF_SELECTION">
                  </a> <!-- VERIFY_THAT_FROM_DATE_IS_SELECTED_FROM_THE_CURRENT_DATE_OF_SELECTION -->
                  <span class="method-name">VERIFY_THAT_FROM_DATE_IS_SELECTED_FROM_THE_CURRENT_DATE_OF_SELECTION</span>
                  <div class="stack-trace">org.openqa.selenium.NoSuchWindowException: no such window: target window already closed
from unknown error: web view not found
  (Session info: chrome=128.0.6613.121)
Build info: version: &apos;4.9.1&apos;, revision: &apos;eb2032df7f&apos;
System info: os.name: &apos;Windows 10&apos;, os.arch: &apos;amd64&apos;, os.version: &apos;10.0&apos;, java.version: &apos;11.0.24&apos;
Driver info: org.openqa.selenium.chrome.ChromeDriver
Command: [fcfd907c32c5897711e2f8ed97135223, findElement {using=xpath, value=(//div[@class=&apos;m_6c018570 mantine-Input-wrapper mantine-DatePickerInput-wrapper&apos;])[1]}]
Capabilities {acceptInsecureCerts: false, browserName: chrome, browserVersion: 128.0.6613.121, chrome: {chromedriverVersion: 128.0.6613.119 (6e439cfca4d..., userDataDir: C:\Users\mallika\AppData\Lo...}, fedcm:accounts: true, goog:chromeOptions: {debuggerAddress: localhost:63605}, networkConnectionEnabled: false, pageLoadStrategy: normal, platformName: windows, proxy: Proxy(), se:cdp: ws://localhost:63605/devtoo..., se:cdpVersion: 128.0.6613.121, setWindowRect: true, strictFileInteractability: false, timeouts: {implicit: 0, pageLoad: 300000, script: 30000}, unhandledPromptBehavior: dismiss and notify, webauthn:extension:credBlob: true, webauthn:extension:largeBlob: true, webauthn:extension:minPinLength: true, webauthn:extension:prf: true, webauthn:virtualAuthenticators: true}
Session ID: fcfd907c32c5897711e2f8ed97135223
	at org.openqa.selenium.remote.codec.w3c.W3CHttpResponseCodec.createException(W3CHttpResponseCodec.java:200)
	at org.openqa.selenium.remote.codec.w3c.W3CHttpResponseCodec.decode(W3CHttpResponseCodec.java:133)
	at org.openqa.selenium.remote.codec.w3c.W3CHttpResponseCodec.decode(W3CHttpResponseCodec.java:53)
	at org.openqa.selenium.remote.HttpCommandExecutor.execute(HttpCommandExecutor.java:193)
	at org.openqa.selenium.remote.service.DriverCommandExecutor.invokeExecute(DriverCommandExecutor.java:183)
	at org.openqa.selenium.remote.service.DriverCommandExecutor.execute(DriverCommandExecutor.java:158)
	at org.openqa.selenium.remote.RemoteWebDriver.execute(RemoteWebDriver.java:543)
	at org.openqa.selenium.remote.ElementLocation$ElementFinder$2.findElement(ElementLocation.java:162)
	at org.openqa.selenium.remote.ElementLocation.findElement(ElementLocation.java:60)
	at org.openqa.selenium.remote.RemoteWebDriver.findElement(RemoteWebDriver.java:352)
	at org.openqa.selenium.remote.RemoteWebDriver.findElement(RemoteWebDriver.java:344)
	at org.openqa.selenium.support.pagefactory.DefaultElementLocator.findElement(DefaultElementLocator.java:70)
	at org.openqa.selenium.support.pagefactory.internal.LocatingElementHandler.invoke(LocatingElementHandler.java:39)
	at com.sun.proxy.$Proxy20.toString(Unknown Source)
	at java.base/java.lang.String.valueOf(String.java:2951)
	at java.base/java.lang.StringBuilder.append(StringBuilder.java:173)
	at org.openqa.selenium.support.ui.ExpectedConditions$23.toString(ExpectedConditions.java:673)
	at java.base/java.lang.String.valueOf(String.java:2951)
	at java.base/java.lang.StringBuilder.append(StringBuilder.java:173)
	at org.openqa.selenium.support.ui.FluentWait.until(FluentWait.java:229)
	at BaseSetup.Basesetup.clickElement(Basesetup.java:102)
	at Testcases.AddAccess_creation.VERIFY_THAT_FROM_DATE_IS_SELECTED_FROM_THE_CURRENT_DATE_OF_SELECTION(AddAccess_creation.java:157)
	at java.base/java.util.ArrayList.forEach(ArrayList.java:1541)
... Removed 30 stack frames
</div> <!-- stack-trace -->
                </div> <!-- method-content -->
              </div> <!-- method -->
              <div class="method">
                <div class="method-content">
                  <a name="VERIFY_THAT_FROM_TIME_IS_SELECTED_SUCCESSFULLY">
                  </a> <!-- VERIFY_THAT_FROM_TIME_IS_SELECTED_SUCCESSFULLY -->
                  <span class="method-name">VERIFY_THAT_FROM_TIME_IS_SELECTED_SUCCESSFULLY</span>
                  <div class="stack-trace">org.openqa.selenium.NoSuchWindowException: no such window: target window already closed
from unknown error: web view not found
  (Session info: chrome=128.0.6613.121)
Build info: version: &apos;4.9.1&apos;, revision: &apos;eb2032df7f&apos;
System info: os.name: &apos;Windows 10&apos;, os.arch: &apos;amd64&apos;, os.version: &apos;10.0&apos;, java.version: &apos;11.0.24&apos;
Driver info: org.openqa.selenium.chrome.ChromeDriver
Command: [fcfd907c32c5897711e2f8ed97135223, findElement {using=xpath, value=(//div[@class=&apos;m_6c018570 mantine-Input-wrapper mantine-Select-wrapper&apos;])[1]}]
Capabilities {acceptInsecureCerts: false, browserName: chrome, browserVersion: 128.0.6613.121, chrome: {chromedriverVersion: 128.0.6613.119 (6e439cfca4d..., userDataDir: C:\Users\mallika\AppData\Lo...}, fedcm:accounts: true, goog:chromeOptions: {debuggerAddress: localhost:63605}, networkConnectionEnabled: false, pageLoadStrategy: normal, platformName: windows, proxy: Proxy(), se:cdp: ws://localhost:63605/devtoo..., se:cdpVersion: 128.0.6613.121, setWindowRect: true, strictFileInteractability: false, timeouts: {implicit: 0, pageLoad: 300000, script: 30000}, unhandledPromptBehavior: dismiss and notify, webauthn:extension:credBlob: true, webauthn:extension:largeBlob: true, webauthn:extension:minPinLength: true, webauthn:extension:prf: true, webauthn:virtualAuthenticators: true}
Session ID: fcfd907c32c5897711e2f8ed97135223
	at org.openqa.selenium.remote.codec.w3c.W3CHttpResponseCodec.createException(W3CHttpResponseCodec.java:200)
	at org.openqa.selenium.remote.codec.w3c.W3CHttpResponseCodec.decode(W3CHttpResponseCodec.java:133)
	at org.openqa.selenium.remote.codec.w3c.W3CHttpResponseCodec.decode(W3CHttpResponseCodec.java:53)
	at org.openqa.selenium.remote.HttpCommandExecutor.execute(HttpCommandExecutor.java:193)
	at org.openqa.selenium.remote.service.DriverCommandExecutor.invokeExecute(DriverCommandExecutor.java:183)
	at org.openqa.selenium.remote.service.DriverCommandExecutor.execute(DriverCommandExecutor.java:158)
	at org.openqa.selenium.remote.RemoteWebDriver.execute(RemoteWebDriver.java:543)
	at org.openqa.selenium.remote.ElementLocation$ElementFinder$2.findElement(ElementLocation.java:162)
	at org.openqa.selenium.remote.ElementLocation.findElement(ElementLocation.java:60)
	at org.openqa.selenium.remote.RemoteWebDriver.findElement(RemoteWebDriver.java:352)
	at org.openqa.selenium.remote.RemoteWebDriver.findElement(RemoteWebDriver.java:344)
	at org.openqa.selenium.support.pagefactory.DefaultElementLocator.findElement(DefaultElementLocator.java:70)
	at org.openqa.selenium.support.pagefactory.internal.LocatingElementHandler.invoke(LocatingElementHandler.java:39)
	at com.sun.proxy.$Proxy20.toString(Unknown Source)
	at java.base/java.lang.String.valueOf(String.java:2951)
	at java.base/java.lang.StringBuilder.append(StringBuilder.java:173)
	at org.openqa.selenium.support.ui.ExpectedConditions$23.toString(ExpectedConditions.java:673)
	at java.base/java.lang.String.valueOf(String.java:2951)
	at java.base/java.lang.StringBuilder.append(StringBuilder.java:173)
	at org.openqa.selenium.support.ui.FluentWait.until(FluentWait.java:229)
	at BaseSetup.Basesetup.clickElement(Basesetup.java:102)
	at Testcases.AddAccess_creation.VERIFY_THAT_FROM_TIME_IS_SELECTED_SUCCESSFULLY(AddAccess_creation.java:175)
	at java.base/java.util.ArrayList.forEach(ArrayList.java:1541)
... Removed 30 stack frames
</div> <!-- stack-trace -->
                </div> <!-- method-content -->
              </div> <!-- method -->
              <div class="method">
                <div class="method-content">
                  <a name="VERIFY_THAT_NEW_ACCESS_IS_CREATED_BY_CLICKING_ON_SUBMIT_BUTTON">
                  </a> <!-- VERIFY_THAT_NEW_ACCESS_IS_CREATED_BY_CLICKING_ON_SUBMIT_BUTTON -->
                  <span class="method-name">VERIFY_THAT_NEW_ACCESS_IS_CREATED_BY_CLICKING_ON_SUBMIT_BUTTON</span>
                  <div class="stack-trace">org.openqa.selenium.NoSuchWindowException: no such window: target window already closed
from unknown error: web view not found
  (Session info: chrome=128.0.6613.121)
Build info: version: &apos;4.9.1&apos;, revision: &apos;eb2032df7f&apos;
System info: os.name: &apos;Windows 10&apos;, os.arch: &apos;amd64&apos;, os.version: &apos;10.0&apos;, java.version: &apos;11.0.24&apos;
Driver info: org.openqa.selenium.chrome.ChromeDriver
Command: [fcfd907c32c5897711e2f8ed97135223, findElement {using=xpath, value=(//button[@class=&apos;mantine-focus-auto mantine-active w-full max-w-[130px] m_77c9d27d mantine-Button-root m_87cf2631 mantine-UnstyledButton-root&apos;])[2]}]
Capabilities {acceptInsecureCerts: false, browserName: chrome, browserVersion: 128.0.6613.121, chrome: {chromedriverVersion: 128.0.6613.119 (6e439cfca4d..., userDataDir: C:\Users\mallika\AppData\Lo...}, fedcm:accounts: true, goog:chromeOptions: {debuggerAddress: localhost:63605}, networkConnectionEnabled: false, pageLoadStrategy: normal, platformName: windows, proxy: Proxy(), se:cdp: ws://localhost:63605/devtoo..., se:cdpVersion: 128.0.6613.121, setWindowRect: true, strictFileInteractability: false, timeouts: {implicit: 0, pageLoad: 300000, script: 30000}, unhandledPromptBehavior: dismiss and notify, webauthn:extension:credBlob: true, webauthn:extension:largeBlob: true, webauthn:extension:minPinLength: true, webauthn:extension:prf: true, webauthn:virtualAuthenticators: true}
Session ID: fcfd907c32c5897711e2f8ed97135223
	at org.openqa.selenium.remote.codec.w3c.W3CHttpResponseCodec.createException(W3CHttpResponseCodec.java:200)
	at org.openqa.selenium.remote.codec.w3c.W3CHttpResponseCodec.decode(W3CHttpResponseCodec.java:133)
	at org.openqa.selenium.remote.codec.w3c.W3CHttpResponseCodec.decode(W3CHttpResponseCodec.java:53)
	at org.openqa.selenium.remote.HttpCommandExecutor.execute(HttpCommandExecutor.java:193)
	at org.openqa.selenium.remote.service.DriverCommandExecutor.invokeExecute(DriverCommandExecutor.java:183)
	at org.openqa.selenium.remote.service.DriverCommandExecutor.execute(DriverCommandExecutor.java:158)
	at org.openqa.selenium.remote.RemoteWebDriver.execute(RemoteWebDriver.java:543)
	at org.openqa.selenium.remote.ElementLocation$ElementFinder$2.findElement(ElementLocation.java:162)
	at org.openqa.selenium.remote.ElementLocation.findElement(ElementLocation.java:60)
	at org.openqa.selenium.remote.RemoteWebDriver.findElement(RemoteWebDriver.java:352)
	at org.openqa.selenium.remote.RemoteWebDriver.findElement(RemoteWebDriver.java:344)
	at org.openqa.selenium.support.pagefactory.DefaultElementLocator.findElement(DefaultElementLocator.java:70)
	at org.openqa.selenium.support.pagefactory.internal.LocatingElementHandler.invoke(LocatingElementHandler.java:39)
	at com.sun.proxy.$Proxy20.toString(Unknown Source)
	at java.base/java.lang.String.valueOf(String.java:2951)
	at java.base/java.lang.StringBuilder.append(StringBuilder.java:173)
	at org.openqa.selenium.support.ui.ExpectedConditions$23.toString(ExpectedConditions.java:673)
	at java.base/java.lang.String.valueOf(String.java:2951)
	at java.base/java.lang.StringBuilder.append(StringBuilder.java:173)
	at org.openqa.selenium.support.ui.FluentWait.until(FluentWait.java:229)
	at BaseSetup.Basesetup.clickElement(Basesetup.java:102)
	at Testcases.AddAccess_creation.VERIFY_THAT_NEW_ACCESS_IS_CREATED_BY_CLICKING_ON_SUBMIT_BUTTON(AddAccess_creation.java:277)
	at java.base/java.util.ArrayList.forEach(ArrayList.java:1541)
... Removed 30 stack frames
</div> <!-- stack-trace -->
                </div> <!-- method-content -->
              </div> <!-- method -->
              <div class="method">
                <div class="method-content">
                  <a name="VERIFY_THAT_SELECTED_DATA_IS_DISPLAYED_ON_NEXT_PAGE_BY_CLICKING_ON_NEXT_STEP_BUTTON">
                  </a> <!-- VERIFY_THAT_SELECTED_DATA_IS_DISPLAYED_ON_NEXT_PAGE_BY_CLICKING_ON_NEXT_STEP_BUTTON -->
                  <span class="method-name">VERIFY_THAT_SELECTED_DATA_IS_DISPLAYED_ON_NEXT_PAGE_BY_CLICKING_ON_NEXT_STEP_BUTTON</span>
                  <div class="stack-trace">org.openqa.selenium.NoSuchWindowException: no such window: target window already closed
from unknown error: web view not found
  (Session info: chrome=128.0.6613.121)
Build info: version: &apos;4.9.1&apos;, revision: &apos;eb2032df7f&apos;
System info: os.name: &apos;Windows 10&apos;, os.arch: &apos;amd64&apos;, os.version: &apos;10.0&apos;, java.version: &apos;11.0.24&apos;
Driver info: org.openqa.selenium.chrome.ChromeDriver
Command: [fcfd907c32c5897711e2f8ed97135223, findElement {using=xpath, value=(//button[@class=&apos;mantine-focus-auto mantine-active w-full max-w-[130px] m_77c9d27d mantine-Button-root m_87cf2631 mantine-UnstyledButton-root&apos;])[2]}]
Capabilities {acceptInsecureCerts: false, browserName: chrome, browserVersion: 128.0.6613.121, chrome: {chromedriverVersion: 128.0.6613.119 (6e439cfca4d..., userDataDir: C:\Users\mallika\AppData\Lo...}, fedcm:accounts: true, goog:chromeOptions: {debuggerAddress: localhost:63605}, networkConnectionEnabled: false, pageLoadStrategy: normal, platformName: windows, proxy: Proxy(), se:cdp: ws://localhost:63605/devtoo..., se:cdpVersion: 128.0.6613.121, setWindowRect: true, strictFileInteractability: false, timeouts: {implicit: 0, pageLoad: 300000, script: 30000}, unhandledPromptBehavior: dismiss and notify, webauthn:extension:credBlob: true, webauthn:extension:largeBlob: true, webauthn:extension:minPinLength: true, webauthn:extension:prf: true, webauthn:virtualAuthenticators: true}
Session ID: fcfd907c32c5897711e2f8ed97135223
	at org.openqa.selenium.remote.codec.w3c.W3CHttpResponseCodec.createException(W3CHttpResponseCodec.java:200)
	at org.openqa.selenium.remote.codec.w3c.W3CHttpResponseCodec.decode(W3CHttpResponseCodec.java:133)
	at org.openqa.selenium.remote.codec.w3c.W3CHttpResponseCodec.decode(W3CHttpResponseCodec.java:53)
	at org.openqa.selenium.remote.HttpCommandExecutor.execute(HttpCommandExecutor.java:193)
	at org.openqa.selenium.remote.service.DriverCommandExecutor.invokeExecute(DriverCommandExecutor.java:183)
	at org.openqa.selenium.remote.service.DriverCommandExecutor.execute(DriverCommandExecutor.java:158)
	at org.openqa.selenium.remote.RemoteWebDriver.execute(RemoteWebDriver.java:543)
	at org.openqa.selenium.remote.ElementLocation$ElementFinder$2.findElement(ElementLocation.java:162)
	at org.openqa.selenium.remote.ElementLocation.findElement(ElementLocation.java:60)
	at org.openqa.selenium.remote.RemoteWebDriver.findElement(RemoteWebDriver.java:352)
	at org.openqa.selenium.remote.RemoteWebDriver.findElement(RemoteWebDriver.java:344)
	at org.openqa.selenium.support.pagefactory.DefaultElementLocator.findElement(DefaultElementLocator.java:70)
	at org.openqa.selenium.support.pagefactory.internal.LocatingElementHandler.invoke(LocatingElementHandler.java:39)
	at com.sun.proxy.$Proxy20.toString(Unknown Source)
	at java.base/java.lang.String.valueOf(String.java:2951)
	at java.base/java.lang.StringBuilder.append(StringBuilder.java:173)
	at org.openqa.selenium.support.ui.ExpectedConditions$23.toString(ExpectedConditions.java:673)
	at java.base/java.lang.String.valueOf(String.java:2951)
	at java.base/java.lang.StringBuilder.append(StringBuilder.java:173)
	at org.openqa.selenium.support.ui.FluentWait.until(FluentWait.java:229)
	at BaseSetup.Basesetup.clickElement(Basesetup.java:102)
	at Testcases.AddAccess_creation.VERIFY_THAT_SELECTED_DATA_IS_DISPLAYED_ON_NEXT_PAGE_BY_CLICKING_ON_NEXT_STEP_BUTTON(AddAccess_creation.java:269)
	at java.base/java.util.ArrayList.forEach(ArrayList.java:1541)
... Removed 30 stack frames
</div> <!-- stack-trace -->
                </div> <!-- method-content -->
              </div> <!-- method -->
              <div class="method">
                <div class="method-content">
                  <a name="VERIFY_THAT_SEND_OTP_TO_USER_EMAIL_PHONE_OPTION_SELECTED_SUCCESSFULLY">
                  </a> <!-- VERIFY_THAT_SEND_OTP_TO_USER_EMAIL_PHONE_OPTION_SELECTED_SUCCESSFULLY -->
                  <span class="method-name">VERIFY_THAT_SEND_OTP_TO_USER_EMAIL_PHONE_OPTION_SELECTED_SUCCESSFULLY</span>
                  <div class="stack-trace">org.openqa.selenium.NoSuchWindowException: no such window: target window already closed
from unknown error: web view not found
  (Session info: chrome=128.0.6613.121)
Build info: version: &apos;4.9.1&apos;, revision: &apos;eb2032df7f&apos;
System info: os.name: &apos;Windows 10&apos;, os.arch: &apos;amd64&apos;, os.version: &apos;10.0&apos;, java.version: &apos;11.0.24&apos;
Driver info: org.openqa.selenium.chrome.ChromeDriver
Command: [fcfd907c32c5897711e2f8ed97135223, findElement {using=xpath, value=(//input[@class=&apos;mantine-focus-auto m_8a3dbb89 mantine-Radio-radio&apos;])[8]}]
Capabilities {acceptInsecureCerts: false, browserName: chrome, browserVersion: 128.0.6613.121, chrome: {chromedriverVersion: 128.0.6613.119 (6e439cfca4d..., userDataDir: C:\Users\mallika\AppData\Lo...}, fedcm:accounts: true, goog:chromeOptions: {debuggerAddress: localhost:63605}, networkConnectionEnabled: false, pageLoadStrategy: normal, platformName: windows, proxy: Proxy(), se:cdp: ws://localhost:63605/devtoo..., se:cdpVersion: 128.0.6613.121, setWindowRect: true, strictFileInteractability: false, timeouts: {implicit: 0, pageLoad: 300000, script: 30000}, unhandledPromptBehavior: dismiss and notify, webauthn:extension:credBlob: true, webauthn:extension:largeBlob: true, webauthn:extension:minPinLength: true, webauthn:extension:prf: true, webauthn:virtualAuthenticators: true}
Session ID: fcfd907c32c5897711e2f8ed97135223
	at org.openqa.selenium.remote.codec.w3c.W3CHttpResponseCodec.createException(W3CHttpResponseCodec.java:200)
	at org.openqa.selenium.remote.codec.w3c.W3CHttpResponseCodec.decode(W3CHttpResponseCodec.java:133)
	at org.openqa.selenium.remote.codec.w3c.W3CHttpResponseCodec.decode(W3CHttpResponseCodec.java:53)
	at org.openqa.selenium.remote.HttpCommandExecutor.execute(HttpCommandExecutor.java:193)
	at org.openqa.selenium.remote.service.DriverCommandExecutor.invokeExecute(DriverCommandExecutor.java:183)
	at org.openqa.selenium.remote.service.DriverCommandExecutor.execute(DriverCommandExecutor.java:158)
	at org.openqa.selenium.remote.RemoteWebDriver.execute(RemoteWebDriver.java:543)
	at org.openqa.selenium.remote.ElementLocation$ElementFinder$2.findElement(ElementLocation.java:162)
	at org.openqa.selenium.remote.ElementLocation.findElement(ElementLocation.java:60)
	at org.openqa.selenium.remote.RemoteWebDriver.findElement(RemoteWebDriver.java:352)
	at org.openqa.selenium.remote.RemoteWebDriver.findElement(RemoteWebDriver.java:344)
	at org.openqa.selenium.support.pagefactory.DefaultElementLocator.findElement(DefaultElementLocator.java:70)
	at org.openqa.selenium.support.pagefactory.internal.LocatingElementHandler.invoke(LocatingElementHandler.java:39)
	at com.sun.proxy.$Proxy20.toString(Unknown Source)
	at java.base/java.lang.String.valueOf(String.java:2951)
	at java.base/java.lang.StringBuilder.append(StringBuilder.java:173)
	at org.openqa.selenium.support.ui.ExpectedConditions$23.toString(ExpectedConditions.java:673)
	at java.base/java.lang.String.valueOf(String.java:2951)
	at java.base/java.lang.StringBuilder.append(StringBuilder.java:173)
	at org.openqa.selenium.support.ui.FluentWait.until(FluentWait.java:229)
	at BaseSetup.Basesetup.clickElement(Basesetup.java:102)
	at Testcases.AddAccess_creation.VERIFY_THAT_SEND_OTP_TO_USER_EMAIL_PHONE_OPTION_SELECTED_SUCCESSFULLY(AddAccess_creation.java:140)
	at java.base/java.util.ArrayList.forEach(ArrayList.java:1541)
... Removed 30 stack frames
</div> <!-- stack-trace -->
                </div> <!-- method-content -->
              </div> <!-- method -->
              <div class="method">
                <div class="method-content">
                  <a name="VERIFY_THAT_TO_DATE_IS_SELECTED_AS_ONE_YEAR_FROM_THE_CURRENT_DATE">
                  </a> <!-- VERIFY_THAT_TO_DATE_IS_SELECTED_AS_ONE_YEAR_FROM_THE_CURRENT_DATE -->
                  <span class="method-name">VERIFY_THAT_TO_DATE_IS_SELECTED_AS_ONE_YEAR_FROM_THE_CURRENT_DATE</span>
                  <div class="stack-trace">org.openqa.selenium.NoSuchWindowException: no such window: target window already closed
from unknown error: web view not found
  (Session info: chrome=128.0.6613.121)
Build info: version: &apos;4.9.1&apos;, revision: &apos;eb2032df7f&apos;
System info: os.name: &apos;Windows 10&apos;, os.arch: &apos;amd64&apos;, os.version: &apos;10.0&apos;, java.version: &apos;11.0.24&apos;
Driver info: org.openqa.selenium.chrome.ChromeDriver
Command: [fcfd907c32c5897711e2f8ed97135223, findElement {using=xpath, value=(//div[@class=&apos;m_6c018570 mantine-Input-wrapper mantine-DatePickerInput-wrapper&apos;])[2]}]
Capabilities {acceptInsecureCerts: false, browserName: chrome, browserVersion: 128.0.6613.121, chrome: {chromedriverVersion: 128.0.6613.119 (6e439cfca4d..., userDataDir: C:\Users\mallika\AppData\Lo...}, fedcm:accounts: true, goog:chromeOptions: {debuggerAddress: localhost:63605}, networkConnectionEnabled: false, pageLoadStrategy: normal, platformName: windows, proxy: Proxy(), se:cdp: ws://localhost:63605/devtoo..., se:cdpVersion: 128.0.6613.121, setWindowRect: true, strictFileInteractability: false, timeouts: {implicit: 0, pageLoad: 300000, script: 30000}, unhandledPromptBehavior: dismiss and notify, webauthn:extension:credBlob: true, webauthn:extension:largeBlob: true, webauthn:extension:minPinLength: true, webauthn:extension:prf: true, webauthn:virtualAuthenticators: true}
Session ID: fcfd907c32c5897711e2f8ed97135223
	at org.openqa.selenium.remote.codec.w3c.W3CHttpResponseCodec.createException(W3CHttpResponseCodec.java:200)
	at org.openqa.selenium.remote.codec.w3c.W3CHttpResponseCodec.decode(W3CHttpResponseCodec.java:133)
	at org.openqa.selenium.remote.codec.w3c.W3CHttpResponseCodec.decode(W3CHttpResponseCodec.java:53)
	at org.openqa.selenium.remote.HttpCommandExecutor.execute(HttpCommandExecutor.java:193)
	at org.openqa.selenium.remote.service.DriverCommandExecutor.invokeExecute(DriverCommandExecutor.java:183)
	at org.openqa.selenium.remote.service.DriverCommandExecutor.execute(DriverCommandExecutor.java:158)
	at org.openqa.selenium.remote.RemoteWebDriver.execute(RemoteWebDriver.java:543)
	at org.openqa.selenium.remote.ElementLocation$ElementFinder$2.findElement(ElementLocation.java:162)
	at org.openqa.selenium.remote.ElementLocation.findElement(ElementLocation.java:60)
	at org.openqa.selenium.remote.RemoteWebDriver.findElement(RemoteWebDriver.java:352)
	at org.openqa.selenium.remote.RemoteWebDriver.findElement(RemoteWebDriver.java:344)
	at org.openqa.selenium.support.pagefactory.DefaultElementLocator.findElement(DefaultElementLocator.java:70)
	at org.openqa.selenium.support.pagefactory.internal.LocatingElementHandler.invoke(LocatingElementHandler.java:39)
	at com.sun.proxy.$Proxy20.toString(Unknown Source)
	at java.base/java.lang.String.valueOf(String.java:2951)
	at java.base/java.lang.StringBuilder.append(StringBuilder.java:173)
	at org.openqa.selenium.support.ui.ExpectedConditions$23.toString(ExpectedConditions.java:673)
	at java.base/java.lang.String.valueOf(String.java:2951)
	at java.base/java.lang.StringBuilder.append(StringBuilder.java:173)
	at org.openqa.selenium.support.ui.FluentWait.until(FluentWait.java:229)
	at BaseSetup.Basesetup.clickElement(Basesetup.java:102)
	at Testcases.AddAccess_creation.VERIFY_THAT_TO_DATE_IS_SELECTED_AS_ONE_YEAR_FROM_THE_CURRENT_DATE(AddAccess_creation.java:186)
	at java.base/java.util.ArrayList.forEach(ArrayList.java:1541)
... Removed 30 stack frames
</div> <!-- stack-trace -->
                </div> <!-- method-content -->
              </div> <!-- method -->
              <div class="method">
                <div class="method-content">
                  <a name="VERIFY_THAT_TO_TIME_IS_SELECTED_SUCCESSFULLY">
                  </a> <!-- VERIFY_THAT_TO_TIME_IS_SELECTED_SUCCESSFULLY -->
                  <span class="method-name">VERIFY_THAT_TO_TIME_IS_SELECTED_SUCCESSFULLY</span>
                  <div class="stack-trace">org.openqa.selenium.NoSuchWindowException: no such window: target window already closed
from unknown error: web view not found
  (Session info: chrome=128.0.6613.121)
Build info: version: &apos;4.9.1&apos;, revision: &apos;eb2032df7f&apos;
System info: os.name: &apos;Windows 10&apos;, os.arch: &apos;amd64&apos;, os.version: &apos;10.0&apos;, java.version: &apos;11.0.24&apos;
Driver info: org.openqa.selenium.chrome.ChromeDriver
Command: [fcfd907c32c5897711e2f8ed97135223, findElement {using=xpath, value=(//div[@class=&apos;m_6c018570 mantine-Input-wrapper mantine-Select-wrapper&apos;])[2]}]
Capabilities {acceptInsecureCerts: false, browserName: chrome, browserVersion: 128.0.6613.121, chrome: {chromedriverVersion: 128.0.6613.119 (6e439cfca4d..., userDataDir: C:\Users\mallika\AppData\Lo...}, fedcm:accounts: true, goog:chromeOptions: {debuggerAddress: localhost:63605}, networkConnectionEnabled: false, pageLoadStrategy: normal, platformName: windows, proxy: Proxy(), se:cdp: ws://localhost:63605/devtoo..., se:cdpVersion: 128.0.6613.121, setWindowRect: true, strictFileInteractability: false, timeouts: {implicit: 0, pageLoad: 300000, script: 30000}, unhandledPromptBehavior: dismiss and notify, webauthn:extension:credBlob: true, webauthn:extension:largeBlob: true, webauthn:extension:minPinLength: true, webauthn:extension:prf: true, webauthn:virtualAuthenticators: true}
Session ID: fcfd907c32c5897711e2f8ed97135223
	at org.openqa.selenium.remote.codec.w3c.W3CHttpResponseCodec.createException(W3CHttpResponseCodec.java:200)
	at org.openqa.selenium.remote.codec.w3c.W3CHttpResponseCodec.decode(W3CHttpResponseCodec.java:133)
	at org.openqa.selenium.remote.codec.w3c.W3CHttpResponseCodec.decode(W3CHttpResponseCodec.java:53)
	at org.openqa.selenium.remote.HttpCommandExecutor.execute(HttpCommandExecutor.java:193)
	at org.openqa.selenium.remote.service.DriverCommandExecutor.invokeExecute(DriverCommandExecutor.java:183)
	at org.openqa.selenium.remote.service.DriverCommandExecutor.execute(DriverCommandExecutor.java:158)
	at org.openqa.selenium.remote.RemoteWebDriver.execute(RemoteWebDriver.java:543)
	at org.openqa.selenium.remote.ElementLocation$ElementFinder$2.findElement(ElementLocation.java:162)
	at org.openqa.selenium.remote.ElementLocation.findElement(ElementLocation.java:60)
	at org.openqa.selenium.remote.RemoteWebDriver.findElement(RemoteWebDriver.java:352)
	at org.openqa.selenium.remote.RemoteWebDriver.findElement(RemoteWebDriver.java:344)
	at org.openqa.selenium.support.pagefactory.DefaultElementLocator.findElement(DefaultElementLocator.java:70)
	at org.openqa.selenium.support.pagefactory.internal.LocatingElementHandler.invoke(LocatingElementHandler.java:39)
	at com.sun.proxy.$Proxy20.toString(Unknown Source)
	at java.base/java.lang.String.valueOf(String.java:2951)
	at java.base/java.lang.StringBuilder.append(StringBuilder.java:173)
	at org.openqa.selenium.support.ui.ExpectedConditions$23.toString(ExpectedConditions.java:673)
	at java.base/java.lang.String.valueOf(String.java:2951)
	at java.base/java.lang.StringBuilder.append(StringBuilder.java:173)
	at org.openqa.selenium.support.ui.FluentWait.until(FluentWait.java:229)
	at BaseSetup.Basesetup.clickElement(Basesetup.java:102)
	at Testcases.AddAccess_creation.VERIFY_THAT_TO_TIME_IS_SELECTED_SUCCESSFULLY(AddAccess_creation.java:243)
	at java.base/java.util.ArrayList.forEach(ArrayList.java:1541)
... Removed 30 stack frames
</div> <!-- stack-trace -->
                </div> <!-- method-content -->
              </div> <!-- method -->
              <div class="method">
                <div class="method-content">
                  <a name="VERIFY_THAT_USER_ENTERING_THE_ACCESS_NAME_ON_ACCESS_FIELD">
                  </a> <!-- VERIFY_THAT_USER_ENTERING_THE_ACCESS_NAME_ON_ACCESS_FIELD -->
                  <span class="method-name">VERIFY_THAT_USER_ENTERING_THE_ACCESS_NAME_ON_ACCESS_FIELD</span>
                  <div class="stack-trace">org.openqa.selenium.NoSuchWindowException: no such window: target window already closed
from unknown error: web view not found
  (Session info: chrome=128.0.6613.121)
Build info: version: &apos;4.9.1&apos;, revision: &apos;eb2032df7f&apos;
System info: os.name: &apos;Windows 10&apos;, os.arch: &apos;amd64&apos;, os.version: &apos;10.0&apos;, java.version: &apos;11.0.24&apos;
Driver info: org.openqa.selenium.chrome.ChromeDriver
Command: [fcfd907c32c5897711e2f8ed97135223, findElement {using=xpath, value=//input[@class=&apos;m_8fb7ebe7 mantine-Input-input mantine-TextInput-input&apos;]}]
Capabilities {acceptInsecureCerts: false, browserName: chrome, browserVersion: 128.0.6613.121, chrome: {chromedriverVersion: 128.0.6613.119 (6e439cfca4d..., userDataDir: C:\Users\mallika\AppData\Lo...}, fedcm:accounts: true, goog:chromeOptions: {debuggerAddress: localhost:63605}, networkConnectionEnabled: false, pageLoadStrategy: normal, platformName: windows, proxy: Proxy(), se:cdp: ws://localhost:63605/devtoo..., se:cdpVersion: 128.0.6613.121, setWindowRect: true, strictFileInteractability: false, timeouts: {implicit: 0, pageLoad: 300000, script: 30000}, unhandledPromptBehavior: dismiss and notify, webauthn:extension:credBlob: true, webauthn:extension:largeBlob: true, webauthn:extension:minPinLength: true, webauthn:extension:prf: true, webauthn:virtualAuthenticators: true}
Session ID: fcfd907c32c5897711e2f8ed97135223
	at org.openqa.selenium.remote.codec.w3c.W3CHttpResponseCodec.createException(W3CHttpResponseCodec.java:200)
	at org.openqa.selenium.remote.codec.w3c.W3CHttpResponseCodec.decode(W3CHttpResponseCodec.java:133)
	at org.openqa.selenium.remote.codec.w3c.W3CHttpResponseCodec.decode(W3CHttpResponseCodec.java:53)
	at org.openqa.selenium.remote.HttpCommandExecutor.execute(HttpCommandExecutor.java:193)
	at org.openqa.selenium.remote.service.DriverCommandExecutor.invokeExecute(DriverCommandExecutor.java:183)
	at org.openqa.selenium.remote.service.DriverCommandExecutor.execute(DriverCommandExecutor.java:158)
	at org.openqa.selenium.remote.RemoteWebDriver.execute(RemoteWebDriver.java:543)
	at org.openqa.selenium.remote.ElementLocation$ElementFinder$2.findElement(ElementLocation.java:162)
	at org.openqa.selenium.remote.ElementLocation.findElement(ElementLocation.java:60)
	at org.openqa.selenium.remote.RemoteWebDriver.findElement(RemoteWebDriver.java:352)
	at org.openqa.selenium.remote.RemoteWebDriver.findElement(RemoteWebDriver.java:344)
	at org.openqa.selenium.support.pagefactory.DefaultElementLocator.findElement(DefaultElementLocator.java:70)
	at org.openqa.selenium.support.pagefactory.internal.LocatingElementHandler.invoke(LocatingElementHandler.java:39)
	at com.sun.proxy.$Proxy20.sendKeys(Unknown Source)
	at Testcases.AddAccess_creation.VERIFY_THAT_USER_ENTERING_THE_ACCESS_NAME_ON_ACCESS_FIELD(AddAccess_creation.java:64)
	at java.base/java.util.ArrayList.forEach(ArrayList.java:1541)
... Removed 30 stack frames
</div> <!-- stack-trace -->
                </div> <!-- method-content -->
              </div> <!-- method -->
              <div class="method">
                <div class="method-content">
                  <a name="VERIFY_THAT_USER_IA_NAVIGATED_INTO_ACCESS_CREATION_PAGE_WHEN_CLICK_ON_ADD_ACCESS_BUTTON">
                  </a> <!-- VERIFY_THAT_USER_IA_NAVIGATED_INTO_ACCESS_CREATION_PAGE_WHEN_CLICK_ON_ADD_ACCESS_BUTTON -->
                  <span class="method-name">VERIFY_THAT_USER_IA_NAVIGATED_INTO_ACCESS_CREATION_PAGE_WHEN_CLICK_ON_ADD_ACCESS_BUTTON</span>
                  <div class="stack-trace">org.openqa.selenium.NoSuchWindowException: no such window: target window already closed
from unknown error: web view not found
  (Session info: chrome=128.0.6613.121)
Build info: version: &apos;4.9.1&apos;, revision: &apos;eb2032df7f&apos;
System info: os.name: &apos;Windows 10&apos;, os.arch: &apos;amd64&apos;, os.version: &apos;10.0&apos;, java.version: &apos;11.0.24&apos;
Driver info: org.openqa.selenium.chrome.ChromeDriver
Command: [fcfd907c32c5897711e2f8ed97135223, findElement {using=xpath, value=//button[@class=&apos;mantine-focus-auto mantine-active m_77c9d27d mantine-Button-root m_87cf2631 mantine-UnstyledButton-root&apos;]}]
Capabilities {acceptInsecureCerts: false, browserName: chrome, browserVersion: 128.0.6613.121, chrome: {chromedriverVersion: 128.0.6613.119 (6e439cfca4d..., userDataDir: C:\Users\mallika\AppData\Lo...}, fedcm:accounts: true, goog:chromeOptions: {debuggerAddress: localhost:63605}, networkConnectionEnabled: false, pageLoadStrategy: normal, platformName: windows, proxy: Proxy(), se:cdp: ws://localhost:63605/devtoo..., se:cdpVersion: 128.0.6613.121, setWindowRect: true, strictFileInteractability: false, timeouts: {implicit: 0, pageLoad: 300000, script: 30000}, unhandledPromptBehavior: dismiss and notify, webauthn:extension:credBlob: true, webauthn:extension:largeBlob: true, webauthn:extension:minPinLength: true, webauthn:extension:prf: true, webauthn:virtualAuthenticators: true}
Session ID: fcfd907c32c5897711e2f8ed97135223
	at org.openqa.selenium.remote.codec.w3c.W3CHttpResponseCodec.createException(W3CHttpResponseCodec.java:200)
	at org.openqa.selenium.remote.codec.w3c.W3CHttpResponseCodec.decode(W3CHttpResponseCodec.java:133)
	at org.openqa.selenium.remote.codec.w3c.W3CHttpResponseCodec.decode(W3CHttpResponseCodec.java:53)
	at org.openqa.selenium.remote.HttpCommandExecutor.execute(HttpCommandExecutor.java:193)
	at org.openqa.selenium.remote.service.DriverCommandExecutor.invokeExecute(DriverCommandExecutor.java:183)
	at org.openqa.selenium.remote.service.DriverCommandExecutor.execute(DriverCommandExecutor.java:158)
	at org.openqa.selenium.remote.RemoteWebDriver.execute(RemoteWebDriver.java:543)
	at org.openqa.selenium.remote.ElementLocation$ElementFinder$2.findElement(ElementLocation.java:162)
	at org.openqa.selenium.remote.ElementLocation.findElement(ElementLocation.java:60)
	at org.openqa.selenium.remote.RemoteWebDriver.findElement(RemoteWebDriver.java:352)
	at org.openqa.selenium.remote.RemoteWebDriver.findElement(RemoteWebDriver.java:344)
	at org.openqa.selenium.support.pagefactory.DefaultElementLocator.findElement(DefaultElementLocator.java:70)
	at org.openqa.selenium.support.pagefactory.internal.LocatingElementHandler.invoke(LocatingElementHandler.java:39)
	at com.sun.proxy.$Proxy20.toString(Unknown Source)
	at java.base/java.lang.String.valueOf(String.java:2951)
	at java.base/java.lang.StringBuilder.append(StringBuilder.java:173)
	at org.openqa.selenium.support.ui.ExpectedConditions$23.toString(ExpectedConditions.java:673)
	at java.base/java.lang.String.valueOf(String.java:2951)
	at java.base/java.lang.StringBuilder.append(StringBuilder.java:173)
	at org.openqa.selenium.support.ui.FluentWait.until(FluentWait.java:229)
	at BaseSetup.Basesetup.clickElement(Basesetup.java:102)
	at Testcases.AddAccess_creation.VERIFY_THAT_USER_IA_NAVIGATED_INTO_ACCESS_CREATION_PAGE_WHEN_CLICK_ON_ADD_ACCESS_BUTTON(AddAccess_creation.java:55)
	at java.base/java.util.ArrayList.forEach(ArrayList.java:1541)
... Removed 30 stack frames
</div> <!-- stack-trace -->
                </div> <!-- method-content -->
              </div> <!-- method -->
              <div class="method">
                <div class="method-content">
                  <a name="VERIFY_THAT_USER_IS_ABLE_TO_SELECT_THE_NEXT_STEP_BUTTON_ON_ADD_ACCESS_PAGE">
                  </a> <!-- VERIFY_THAT_USER_IS_ABLE_TO_SELECT_THE_NEXT_STEP_BUTTON_ON_ADD_ACCESS_PAGE -->
                  <span class="method-name">VERIFY_THAT_USER_IS_ABLE_TO_SELECT_THE_NEXT_STEP_BUTTON_ON_ADD_ACCESS_PAGE</span>
                  <div class="stack-trace">org.openqa.selenium.NoSuchWindowException: no such window: target window already closed
from unknown error: web view not found
  (Session info: chrome=128.0.6613.121)
Build info: version: &apos;4.9.1&apos;, revision: &apos;eb2032df7f&apos;
System info: os.name: &apos;Windows 10&apos;, os.arch: &apos;amd64&apos;, os.version: &apos;10.0&apos;, java.version: &apos;11.0.24&apos;
Driver info: org.openqa.selenium.chrome.ChromeDriver
Command: [fcfd907c32c5897711e2f8ed97135223, findElement {using=xpath, value=(//button[@class=&apos;mantine-focus-auto mantine-active w-full max-w-[130px] m_77c9d27d mantine-Button-root m_87cf2631 mantine-UnstyledButton-root&apos;])[2]}]
Capabilities {acceptInsecureCerts: false, browserName: chrome, browserVersion: 128.0.6613.121, chrome: {chromedriverVersion: 128.0.6613.119 (6e439cfca4d..., userDataDir: C:\Users\mallika\AppData\Lo...}, fedcm:accounts: true, goog:chromeOptions: {debuggerAddress: localhost:63605}, networkConnectionEnabled: false, pageLoadStrategy: normal, platformName: windows, proxy: Proxy(), se:cdp: ws://localhost:63605/devtoo..., se:cdpVersion: 128.0.6613.121, setWindowRect: true, strictFileInteractability: false, timeouts: {implicit: 0, pageLoad: 300000, script: 30000}, unhandledPromptBehavior: dismiss and notify, webauthn:extension:credBlob: true, webauthn:extension:largeBlob: true, webauthn:extension:minPinLength: true, webauthn:extension:prf: true, webauthn:virtualAuthenticators: true}
Session ID: fcfd907c32c5897711e2f8ed97135223
	at org.openqa.selenium.remote.codec.w3c.W3CHttpResponseCodec.createException(W3CHttpResponseCodec.java:200)
	at org.openqa.selenium.remote.codec.w3c.W3CHttpResponseCodec.decode(W3CHttpResponseCodec.java:133)
	at org.openqa.selenium.remote.codec.w3c.W3CHttpResponseCodec.decode(W3CHttpResponseCodec.java:53)
	at org.openqa.selenium.remote.HttpCommandExecutor.execute(HttpCommandExecutor.java:193)
	at org.openqa.selenium.remote.service.DriverCommandExecutor.invokeExecute(DriverCommandExecutor.java:183)
	at org.openqa.selenium.remote.service.DriverCommandExecutor.execute(DriverCommandExecutor.java:158)
	at org.openqa.selenium.remote.RemoteWebDriver.execute(RemoteWebDriver.java:543)
	at org.openqa.selenium.remote.ElementLocation$ElementFinder$2.findElement(ElementLocation.java:162)
	at org.openqa.selenium.remote.ElementLocation.findElement(ElementLocation.java:60)
	at org.openqa.selenium.remote.RemoteWebDriver.findElement(RemoteWebDriver.java:352)
	at org.openqa.selenium.remote.RemoteWebDriver.findElement(RemoteWebDriver.java:344)
	at org.openqa.selenium.support.pagefactory.DefaultElementLocator.findElement(DefaultElementLocator.java:70)
	at org.openqa.selenium.support.pagefactory.internal.LocatingElementHandler.invoke(LocatingElementHandler.java:39)
	at com.sun.proxy.$Proxy20.toString(Unknown Source)
	at java.base/java.lang.String.valueOf(String.java:2951)
	at java.base/java.lang.StringBuilder.append(StringBuilder.java:173)
	at org.openqa.selenium.support.ui.ExpectedConditions$23.toString(ExpectedConditions.java:673)
	at java.base/java.lang.String.valueOf(String.java:2951)
	at java.base/java.lang.StringBuilder.append(StringBuilder.java:173)
	at org.openqa.selenium.support.ui.FluentWait.until(FluentWait.java:229)
	at BaseSetup.Basesetup.clickElement(Basesetup.java:102)
	at Testcases.AddAccess_creation.VERIFY_THAT_USER_IS_ABLE_TO_SELECT_THE_NEXT_STEP_BUTTON_ON_ADD_ACCESS_PAGE(AddAccess_creation.java:149)
	at java.base/java.util.ArrayList.forEach(ArrayList.java:1541)
... Removed 30 stack frames
</div> <!-- stack-trace -->
                </div> <!-- method-content -->
              </div> <!-- method -->
              <div class="method">
                <div class="method-content">
                  <a name="VERIFY_THAT_USER_IS_ABLE_TO_SELECT_THE_NEXT_STEp_BUTTON_ON_ADD_ACCESS_PAGE">
                  </a> <!-- VERIFY_THAT_USER_IS_ABLE_TO_SELECT_THE_NEXT_STEp_BUTTON_ON_ADD_ACCESS_PAGE -->
                  <span class="method-name">VERIFY_THAT_USER_IS_ABLE_TO_SELECT_THE_NEXT_STEp_BUTTON_ON_ADD_ACCESS_PAGE</span>
                  <div class="stack-trace">org.openqa.selenium.NoSuchWindowException: no such window: target window already closed
from unknown error: web view not found
  (Session info: chrome=128.0.6613.121)
Build info: version: &apos;4.9.1&apos;, revision: &apos;eb2032df7f&apos;
System info: os.name: &apos;Windows 10&apos;, os.arch: &apos;amd64&apos;, os.version: &apos;10.0&apos;, java.version: &apos;11.0.24&apos;
Driver info: org.openqa.selenium.chrome.ChromeDriver
Command: [fcfd907c32c5897711e2f8ed97135223, findElement {using=xpath, value=//button[@class=&apos;mantine-focus-auto mantine-active w-full max-w-[130px] m_77c9d27d mantine-Button-root m_87cf2631 mantine-UnstyledButton-root&apos;]}]
Capabilities {acceptInsecureCerts: false, browserName: chrome, browserVersion: 128.0.6613.121, chrome: {chromedriverVersion: 128.0.6613.119 (6e439cfca4d..., userDataDir: C:\Users\mallika\AppData\Lo...}, fedcm:accounts: true, goog:chromeOptions: {debuggerAddress: localhost:63605}, networkConnectionEnabled: false, pageLoadStrategy: normal, platformName: windows, proxy: Proxy(), se:cdp: ws://localhost:63605/devtoo..., se:cdpVersion: 128.0.6613.121, setWindowRect: true, strictFileInteractability: false, timeouts: {implicit: 0, pageLoad: 300000, script: 30000}, unhandledPromptBehavior: dismiss and notify, webauthn:extension:credBlob: true, webauthn:extension:largeBlob: true, webauthn:extension:minPinLength: true, webauthn:extension:prf: true, webauthn:virtualAuthenticators: true}
Session ID: fcfd907c32c5897711e2f8ed97135223
	at org.openqa.selenium.remote.codec.w3c.W3CHttpResponseCodec.createException(W3CHttpResponseCodec.java:200)
	at org.openqa.selenium.remote.codec.w3c.W3CHttpResponseCodec.decode(W3CHttpResponseCodec.java:133)
	at org.openqa.selenium.remote.codec.w3c.W3CHttpResponseCodec.decode(W3CHttpResponseCodec.java:53)
	at org.openqa.selenium.remote.HttpCommandExecutor.execute(HttpCommandExecutor.java:193)
	at org.openqa.selenium.remote.service.DriverCommandExecutor.invokeExecute(DriverCommandExecutor.java:183)
	at org.openqa.selenium.remote.service.DriverCommandExecutor.execute(DriverCommandExecutor.java:158)
	at org.openqa.selenium.remote.RemoteWebDriver.execute(RemoteWebDriver.java:543)
	at org.openqa.selenium.remote.ElementLocation$ElementFinder$2.findElement(ElementLocation.java:162)
	at org.openqa.selenium.remote.ElementLocation.findElement(ElementLocation.java:60)
	at org.openqa.selenium.remote.RemoteWebDriver.findElement(RemoteWebDriver.java:352)
	at org.openqa.selenium.remote.RemoteWebDriver.findElement(RemoteWebDriver.java:344)
	at org.openqa.selenium.support.pagefactory.DefaultElementLocator.findElement(DefaultElementLocator.java:70)
	at org.openqa.selenium.support.pagefactory.internal.LocatingElementHandler.invoke(LocatingElementHandler.java:39)
	at com.sun.proxy.$Proxy20.toString(Unknown Source)
	at java.base/java.lang.String.valueOf(String.java:2951)
	at java.base/java.lang.StringBuilder.append(StringBuilder.java:173)
	at org.openqa.selenium.support.ui.ExpectedConditions$23.toString(ExpectedConditions.java:673)
	at java.base/java.lang.String.valueOf(String.java:2951)
	at java.base/java.lang.StringBuilder.append(StringBuilder.java:173)
	at org.openqa.selenium.support.ui.FluentWait.until(FluentWait.java:229)
	at BaseSetup.Basesetup.clickElement(Basesetup.java:102)
	at Testcases.AddAccess_creation.VERIFY_THAT_USER_IS_ABLE_TO_SELECT_THE_NEXT_STEp_BUTTON_ON_ADD_ACCESS_PAGE(AddAccess_creation.java:87)
	at java.base/java.util.ArrayList.forEach(ArrayList.java:1541)
... Removed 30 stack frames
</div> <!-- stack-trace -->
                </div> <!-- method-content -->
              </div> <!-- method -->
              <div class="method">
                <div class="method-content">
                  <a name="VERIFY_THAT_USER_IS_SELECT_THE_LOCATION_FROM_THE_DROPDOWN">
                  </a> <!-- VERIFY_THAT_USER_IS_SELECT_THE_LOCATION_FROM_THE_DROPDOWN -->
                  <span class="method-name">VERIFY_THAT_USER_IS_SELECT_THE_LOCATION_FROM_THE_DROPDOWN</span>
                  <div class="stack-trace">org.openqa.selenium.NoSuchWindowException: no such window: target window already closed
from unknown error: web view not found
  (Session info: chrome=128.0.6613.121)
Build info: version: &apos;4.9.1&apos;, revision: &apos;eb2032df7f&apos;
System info: os.name: &apos;Windows 10&apos;, os.arch: &apos;amd64&apos;, os.version: &apos;10.0&apos;, java.version: &apos;11.0.24&apos;
Driver info: org.openqa.selenium.chrome.ChromeDriver
Command: [fcfd907c32c5897711e2f8ed97135223, findElement {using=xpath, value=//input[@class=&apos;m_8fb7ebe7 mantine-Input-input mantine-TextInput-input&apos;]}]
Capabilities {acceptInsecureCerts: false, browserName: chrome, browserVersion: 128.0.6613.121, chrome: {chromedriverVersion: 128.0.6613.119 (6e439cfca4d..., userDataDir: C:\Users\mallika\AppData\Lo...}, fedcm:accounts: true, goog:chromeOptions: {debuggerAddress: localhost:63605}, networkConnectionEnabled: false, pageLoadStrategy: normal, platformName: windows, proxy: Proxy(), se:cdp: ws://localhost:63605/devtoo..., se:cdpVersion: 128.0.6613.121, setWindowRect: true, strictFileInteractability: false, timeouts: {implicit: 0, pageLoad: 300000, script: 30000}, unhandledPromptBehavior: dismiss and notify, webauthn:extension:credBlob: true, webauthn:extension:largeBlob: true, webauthn:extension:minPinLength: true, webauthn:extension:prf: true, webauthn:virtualAuthenticators: true}
Session ID: fcfd907c32c5897711e2f8ed97135223
	at org.openqa.selenium.remote.codec.w3c.W3CHttpResponseCodec.createException(W3CHttpResponseCodec.java:200)
	at org.openqa.selenium.remote.codec.w3c.W3CHttpResponseCodec.decode(W3CHttpResponseCodec.java:133)
	at org.openqa.selenium.remote.codec.w3c.W3CHttpResponseCodec.decode(W3CHttpResponseCodec.java:53)
	at org.openqa.selenium.remote.HttpCommandExecutor.execute(HttpCommandExecutor.java:193)
	at org.openqa.selenium.remote.service.DriverCommandExecutor.invokeExecute(DriverCommandExecutor.java:183)
	at org.openqa.selenium.remote.service.DriverCommandExecutor.execute(DriverCommandExecutor.java:158)
	at org.openqa.selenium.remote.RemoteWebDriver.execute(RemoteWebDriver.java:543)
	at org.openqa.selenium.remote.ElementLocation$ElementFinder$2.findElement(ElementLocation.java:162)
	at org.openqa.selenium.remote.ElementLocation.findElement(ElementLocation.java:60)
	at org.openqa.selenium.remote.RemoteWebDriver.findElement(RemoteWebDriver.java:352)
	at org.openqa.selenium.remote.RemoteWebDriver.findElement(RemoteWebDriver.java:344)
	at org.openqa.selenium.support.pagefactory.DefaultElementLocator.findElement(DefaultElementLocator.java:70)
	at org.openqa.selenium.support.pagefactory.internal.LocatingElementHandler.invoke(LocatingElementHandler.java:39)
	at com.sun.proxy.$Proxy20.toString(Unknown Source)
	at java.base/java.lang.String.valueOf(String.java:2951)
	at java.base/java.lang.StringBuilder.append(StringBuilder.java:173)
	at org.openqa.selenium.support.ui.ExpectedConditions$23.toString(ExpectedConditions.java:673)
	at java.base/java.lang.String.valueOf(String.java:2951)
	at java.base/java.lang.StringBuilder.append(StringBuilder.java:173)
	at org.openqa.selenium.support.ui.FluentWait.until(FluentWait.java:229)
	at BaseSetup.Basesetup.clickElement(Basesetup.java:102)
	at Testcases.AddAccess_creation.VERIFY_THAT_USER_IS_SELECT_THE_LOCATION_FROM_THE_DROPDOWN(AddAccess_creation.java:72)
	at java.base/java.util.ArrayList.forEach(ArrayList.java:1541)
... Removed 30 stack frames
</div> <!-- stack-trace -->
                </div> <!-- method-content -->
              </div> <!-- method -->
              <div class="method">
                <div class="method-content">
                  <a name="VERIFY_THAT_USER_IS_SELECT_THE_LOCK_ID_FROM_THE_LOCKS_DROP_DOWN">
                  </a> <!-- VERIFY_THAT_USER_IS_SELECT_THE_LOCK_ID_FROM_THE_LOCKS_DROP_DOWN -->
                  <span class="method-name">VERIFY_THAT_USER_IS_SELECT_THE_LOCK_ID_FROM_THE_LOCKS_DROP_DOWN</span>
                  <div class="stack-trace">org.openqa.selenium.NoSuchWindowException: no such window: target window already closed
from unknown error: web view not found
  (Session info: chrome=128.0.6613.121)
Build info: version: &apos;4.9.1&apos;, revision: &apos;eb2032df7f&apos;
System info: os.name: &apos;Windows 10&apos;, os.arch: &apos;amd64&apos;, os.version: &apos;10.0&apos;, java.version: &apos;11.0.24&apos;
Driver info: org.openqa.selenium.chrome.ChromeDriver
Command: [fcfd907c32c5897711e2f8ed97135223, findElement {using=xpath, value=(//input[@class=&apos;mantine-MultiSelect-inputField m_45c4369d mantine-PillsInputField-field&apos;])[1]}]
Capabilities {acceptInsecureCerts: false, browserName: chrome, browserVersion: 128.0.6613.121, chrome: {chromedriverVersion: 128.0.6613.119 (6e439cfca4d..., userDataDir: C:\Users\mallika\AppData\Lo...}, fedcm:accounts: true, goog:chromeOptions: {debuggerAddress: localhost:63605}, networkConnectionEnabled: false, pageLoadStrategy: normal, platformName: windows, proxy: Proxy(), se:cdp: ws://localhost:63605/devtoo..., se:cdpVersion: 128.0.6613.121, setWindowRect: true, strictFileInteractability: false, timeouts: {implicit: 0, pageLoad: 300000, script: 30000}, unhandledPromptBehavior: dismiss and notify, webauthn:extension:credBlob: true, webauthn:extension:largeBlob: true, webauthn:extension:minPinLength: true, webauthn:extension:prf: true, webauthn:virtualAuthenticators: true}
Session ID: fcfd907c32c5897711e2f8ed97135223
	at org.openqa.selenium.remote.codec.w3c.W3CHttpResponseCodec.createException(W3CHttpResponseCodec.java:200)
	at org.openqa.selenium.remote.codec.w3c.W3CHttpResponseCodec.decode(W3CHttpResponseCodec.java:133)
	at org.openqa.selenium.remote.codec.w3c.W3CHttpResponseCodec.decode(W3CHttpResponseCodec.java:53)
	at org.openqa.selenium.remote.HttpCommandExecutor.execute(HttpCommandExecutor.java:193)
	at org.openqa.selenium.remote.service.DriverCommandExecutor.invokeExecute(DriverCommandExecutor.java:183)
	at org.openqa.selenium.remote.service.DriverCommandExecutor.execute(DriverCommandExecutor.java:158)
	at org.openqa.selenium.remote.RemoteWebDriver.execute(RemoteWebDriver.java:543)
	at org.openqa.selenium.remote.ElementLocation$ElementFinder$2.findElement(ElementLocation.java:162)
	at org.openqa.selenium.remote.ElementLocation.findElement(ElementLocation.java:60)
	at org.openqa.selenium.remote.RemoteWebDriver.findElement(RemoteWebDriver.java:352)
	at org.openqa.selenium.remote.RemoteWebDriver.findElement(RemoteWebDriver.java:344)
	at org.openqa.selenium.support.pagefactory.DefaultElementLocator.findElement(DefaultElementLocator.java:70)
	at org.openqa.selenium.support.pagefactory.internal.LocatingElementHandler.invoke(LocatingElementHandler.java:39)
	at com.sun.proxy.$Proxy20.toString(Unknown Source)
	at java.base/java.lang.String.valueOf(String.java:2951)
	at java.base/java.lang.StringBuilder.append(StringBuilder.java:173)
	at org.openqa.selenium.support.ui.ExpectedConditions$23.toString(ExpectedConditions.java:673)
	at java.base/java.lang.String.valueOf(String.java:2951)
	at java.base/java.lang.StringBuilder.append(StringBuilder.java:173)
	at org.openqa.selenium.support.ui.FluentWait.until(FluentWait.java:229)
	at BaseSetup.Basesetup.clickElement(Basesetup.java:102)
	at Testcases.AddAccess_creation.VERIFY_THAT_USER_IS_SELECT_THE_LOCK_ID_FROM_THE_LOCKS_DROP_DOWN(AddAccess_creation.java:102)
	at java.base/java.util.ArrayList.forEach(ArrayList.java:1541)
... Removed 30 stack frames
</div> <!-- stack-trace -->
                </div> <!-- method-content -->
              </div> <!-- method -->
              <div class="method">
                <div class="method-content">
                  <a name="VERIFY_THAT_USER_IS_SELECT_THE_USER_NAME_FROM_THE_USERS_DROP_DOWN">
                  </a> <!-- VERIFY_THAT_USER_IS_SELECT_THE_USER_NAME_FROM_THE_USERS_DROP_DOWN -->
                  <span class="method-name">VERIFY_THAT_USER_IS_SELECT_THE_USER_NAME_FROM_THE_USERS_DROP_DOWN</span>
                  <div class="stack-trace">org.openqa.selenium.NoSuchWindowException: no such window: target window already closed
from unknown error: web view not found
  (Session info: chrome=128.0.6613.121)
Build info: version: &apos;4.9.1&apos;, revision: &apos;eb2032df7f&apos;
System info: os.name: &apos;Windows 10&apos;, os.arch: &apos;amd64&apos;, os.version: &apos;10.0&apos;, java.version: &apos;11.0.24&apos;
Driver info: org.openqa.selenium.chrome.ChromeDriver
Command: [fcfd907c32c5897711e2f8ed97135223, findElement {using=xpath, value=(//input[@class=&apos;mantine-MultiSelect-inputField m_45c4369d mantine-PillsInputField-field&apos;])[2]}]
Capabilities {acceptInsecureCerts: false, browserName: chrome, browserVersion: 128.0.6613.121, chrome: {chromedriverVersion: 128.0.6613.119 (6e439cfca4d..., userDataDir: C:\Users\mallika\AppData\Lo...}, fedcm:accounts: true, goog:chromeOptions: {debuggerAddress: localhost:63605}, networkConnectionEnabled: false, pageLoadStrategy: normal, platformName: windows, proxy: Proxy(), se:cdp: ws://localhost:63605/devtoo..., se:cdpVersion: 128.0.6613.121, setWindowRect: true, strictFileInteractability: false, timeouts: {implicit: 0, pageLoad: 300000, script: 30000}, unhandledPromptBehavior: dismiss and notify, webauthn:extension:credBlob: true, webauthn:extension:largeBlob: true, webauthn:extension:minPinLength: true, webauthn:extension:prf: true, webauthn:virtualAuthenticators: true}
Session ID: fcfd907c32c5897711e2f8ed97135223
	at org.openqa.selenium.remote.codec.w3c.W3CHttpResponseCodec.createException(W3CHttpResponseCodec.java:200)
	at org.openqa.selenium.remote.codec.w3c.W3CHttpResponseCodec.decode(W3CHttpResponseCodec.java:133)
	at org.openqa.selenium.remote.codec.w3c.W3CHttpResponseCodec.decode(W3CHttpResponseCodec.java:53)
	at org.openqa.selenium.remote.HttpCommandExecutor.execute(HttpCommandExecutor.java:193)
	at org.openqa.selenium.remote.service.DriverCommandExecutor.invokeExecute(DriverCommandExecutor.java:183)
	at org.openqa.selenium.remote.service.DriverCommandExecutor.execute(DriverCommandExecutor.java:158)
	at org.openqa.selenium.remote.RemoteWebDriver.execute(RemoteWebDriver.java:543)
	at org.openqa.selenium.remote.ElementLocation$ElementFinder$2.findElement(ElementLocation.java:162)
	at org.openqa.selenium.remote.ElementLocation.findElement(ElementLocation.java:60)
	at org.openqa.selenium.remote.RemoteWebDriver.findElement(RemoteWebDriver.java:352)
	at org.openqa.selenium.remote.RemoteWebDriver.findElement(RemoteWebDriver.java:344)
	at org.openqa.selenium.support.pagefactory.DefaultElementLocator.findElement(DefaultElementLocator.java:70)
	at org.openqa.selenium.support.pagefactory.internal.LocatingElementHandler.invoke(LocatingElementHandler.java:39)
	at com.sun.proxy.$Proxy20.toString(Unknown Source)
	at java.base/java.lang.String.valueOf(String.java:2951)
	at java.base/java.lang.StringBuilder.append(StringBuilder.java:173)
	at org.openqa.selenium.support.ui.ExpectedConditions$23.toString(ExpectedConditions.java:673)
	at java.base/java.lang.String.valueOf(String.java:2951)
	at java.base/java.lang.StringBuilder.append(StringBuilder.java:173)
	at org.openqa.selenium.support.ui.FluentWait.until(FluentWait.java:229)
	at BaseSetup.Basesetup.clickElement(Basesetup.java:102)
	at Testcases.AddAccess_creation.VERIFY_THAT_USER_IS_SELECT_THE_USER_NAME_FROM_THE_USERS_DROP_DOWN(AddAccess_creation.java:122)
	at java.base/java.util.ArrayList.forEach(ArrayList.java:1541)
... Removed 30 stack frames
</div> <!-- stack-trace -->
                </div> <!-- method-content -->
              </div> <!-- method -->
            </div> <!-- main-panel-content rounded-window-bottom -->
          </div> <!-- suite-Suite-class-failed -->
          <div class="suite-Suite-class-passed">
            <div class="main-panel-header rounded-window-top">
              <img src="passed.png"/>
              <span class="class-name">Testcases.New_User_Creation</span>
            </div> <!-- main-panel-header rounded-window-top -->
            <div class="main-panel-content rounded-window-bottom">
              <div class="method">
                <div class="method-content">
                  <a name="VERIFY_THAT_CONFIRM_PASSWORD_IS_FILLED_WITH_DEFAULT_PASSWORD">
                  </a> <!-- VERIFY_THAT_CONFIRM_PASSWORD_IS_FILLED_WITH_DEFAULT_PASSWORD -->
                  <span class="method-name">VERIFY_THAT_CONFIRM_PASSWORD_IS_FILLED_WITH_DEFAULT_PASSWORD</span>
                </div> <!-- method-content -->
              </div> <!-- method -->
              <div class="method">
                <div class="method-content">
                  <a name="VERIFY_THAT_DEFAULT_PASSWORD_DISPLAYED_AS_ENCRYPED_FORMAT_IN_PASSWORD_FIELD">
                  </a> <!-- VERIFY_THAT_DEFAULT_PASSWORD_DISPLAYED_AS_ENCRYPED_FORMAT_IN_PASSWORD_FIELD -->
                  <span class="method-name">VERIFY_THAT_DEFAULT_PASSWORD_DISPLAYED_AS_ENCRYPED_FORMAT_IN_PASSWORD_FIELD</span>
                </div> <!-- method-content -->
              </div> <!-- method -->
              <div class="method">
                <div class="method-content">
                  <a name="VERIFY_THAT_USER_ABLE_TO_ENTER_MAILID_SUCCESSFULLY">
                  </a> <!-- VERIFY_THAT_USER_ABLE_TO_ENTER_MAILID_SUCCESSFULLY -->
                  <span class="method-name">VERIFY_THAT_USER_ABLE_TO_ENTER_MAILID_SUCCESSFULLY</span>
                </div> <!-- method-content -->
              </div> <!-- method -->
              <div class="method">
                <div class="method-content">
                  <a name="VERIFY_THAT_USER_ABLE_TO_SELECT_THE_INDIA_Dial_CODE">
                  </a> <!-- VERIFY_THAT_USER_ABLE_TO_SELECT_THE_INDIA_Dial_CODE -->
                  <span class="method-name">VERIFY_THAT_USER_ABLE_TO_SELECT_THE_INDIA_Dial_CODE</span>
                </div> <!-- method-content -->
              </div> <!-- method -->
              <div class="method">
                <div class="method-content">
                  <a name="VERIFY_THAT_USER_ENTER_THE_USERNAME_IN_USERNAME_FIELD">
                  </a> <!-- VERIFY_THAT_USER_ENTER_THE_USERNAME_IN_USERNAME_FIELD -->
                  <span class="method-name">VERIFY_THAT_USER_ENTER_THE_USERNAME_IN_USERNAME_FIELD</span>
                </div> <!-- method-content -->
              </div> <!-- method -->
              <div class="method">
                <div class="method-content">
                  <a name="VERIFY_THAT_USER_IS_ABLE_TO_ENTER_THE_10_DIGIT_MOBILE_NUMBER_ON_MOBILE_NUMBER_FIELD">
                  </a> <!-- VERIFY_THAT_USER_IS_ABLE_TO_ENTER_THE_10_DIGIT_MOBILE_NUMBER_ON_MOBILE_NUMBER_FIELD -->
                  <span class="method-name">VERIFY_THAT_USER_IS_ABLE_TO_ENTER_THE_10_DIGIT_MOBILE_NUMBER_ON_MOBILE_NUMBER_FIELD</span>
                </div> <!-- method-content -->
              </div> <!-- method -->
              <div class="method">
                <div class="method-content">
                  <a name="VERIFY_THAT_USER_IS_ABLE_TO_SELECT_THE_ACCESS_ROLE">
                  </a> <!-- VERIFY_THAT_USER_IS_ABLE_TO_SELECT_THE_ACCESS_ROLE -->
                  <span class="method-name">VERIFY_THAT_USER_IS_ABLE_TO_SELECT_THE_ACCESS_ROLE</span>
                </div> <!-- method-content -->
              </div> <!-- method -->
              <div class="method">
                <div class="method-content">
                  <a name="VERIFY_THAT_USER_IS_ABLE_TO_SELECT_THE_LOCATION_IN_LOCATION_FIELD">
                  </a> <!-- VERIFY_THAT_USER_IS_ABLE_TO_SELECT_THE_LOCATION_IN_LOCATION_FIELD -->
                  <span class="method-name">VERIFY_THAT_USER_IS_ABLE_TO_SELECT_THE_LOCATION_IN_LOCATION_FIELD</span>
                </div> <!-- method-content -->
              </div> <!-- method -->
              <div class="method">
                <div class="method-content">
                  <a name="VERIFY_THAT_USER_IS_ABLE_TO_SELECT_THE_LOCATION_LEVEL_AS_COUNTRY_IN_LEVEL_DROPDOWN">
                  </a> <!-- VERIFY_THAT_USER_IS_ABLE_TO_SELECT_THE_LOCATION_LEVEL_AS_COUNTRY_IN_LEVEL_DROPDOWN -->
                  <span class="method-name">VERIFY_THAT_USER_IS_ABLE_TO_SELECT_THE_LOCATION_LEVEL_AS_COUNTRY_IN_LEVEL_DROPDOWN</span>
                </div> <!-- method-content -->
              </div> <!-- method -->
              <div class="method">
                <div class="method-content">
                  <a name="VERIFY_THAT_USER_IS_NAVIGATED_INTO_ADD_USER_SECTION_WHEN_CLICK_ON_ADD_USER_BUTTON">
                  </a> <!-- VERIFY_THAT_USER_IS_NAVIGATED_INTO_ADD_USER_SECTION_WHEN_CLICK_ON_ADD_USER_BUTTON -->
                  <span class="method-name">VERIFY_THAT_USER_IS_NAVIGATED_INTO_ADD_USER_SECTION_WHEN_CLICK_ON_ADD_USER_BUTTON</span>
                </div> <!-- method-content -->
              </div> <!-- method -->
              <div class="method">
                <div class="method-content">
                  <a name="VERIFY_THAT_USER_MENU_IS_CLICKED_SUCCESSFULLY">
                  </a> <!-- VERIFY_THAT_USER_MENU_IS_CLICKED_SUCCESSFULLY -->
                  <span class="method-name">VERIFY_THAT_USER_MENU_IS_CLICKED_SUCCESSFULLY</span>
                </div> <!-- method-content -->
              </div> <!-- method -->
            </div> <!-- main-panel-content rounded-window-bottom -->
          </div> <!-- suite-Suite-class-passed -->
          <div class="suite-Suite-class-passed">
            <div class="main-panel-header rounded-window-top">
              <img src="passed.png"/>
              <span class="class-name">Testcases.SafeLock_New_Location</span>
            </div> <!-- main-panel-header rounded-window-top -->
            <div class="main-panel-content rounded-window-bottom">
              <div class="method">
                <div class="method-content">
                  <a name="VERIFY_THAT_ABLE_TO_ENTER_THE_LOCATION_NAME_ALONG_WITH_STATE_NAME">
                  </a> <!-- VERIFY_THAT_ABLE_TO_ENTER_THE_LOCATION_NAME_ALONG_WITH_STATE_NAME -->
                  <span class="method-name">VERIFY_THAT_ABLE_TO_ENTER_THE_LOCATION_NAME_ALONG_WITH_STATE_NAME</span>
                </div> <!-- method-content -->
              </div> <!-- method -->
              <div class="method">
                <div class="method-content">
                  <a name="VERIFY_THAT_ABLE_TO_SELECT_THE_COUNTRY_ON_THE_ADD_LOCATION_POPUP">
                  </a> <!-- VERIFY_THAT_ABLE_TO_SELECT_THE_COUNTRY_ON_THE_ADD_LOCATION_POPUP -->
                  <span class="method-name">VERIFY_THAT_ABLE_TO_SELECT_THE_COUNTRY_ON_THE_ADD_LOCATION_POPUP</span>
                </div> <!-- method-content -->
              </div> <!-- method -->
              <div class="method">
                <div class="method-content">
                  <a name="VERIFY_THAT_ADD_LOCATION_PAGE_IS_NAVIGATED_BY_CLICKING_ON_PLUS_ICON">
                  </a> <!-- VERIFY_THAT_ADD_LOCATION_PAGE_IS_NAVIGATED_BY_CLICKING_ON_PLUS_ICON -->
                  <span class="method-name">VERIFY_THAT_ADD_LOCATION_PAGE_IS_NAVIGATED_BY_CLICKING_ON_PLUS_ICON</span>
                </div> <!-- method-content -->
              </div> <!-- method -->
              <div class="method">
                <div class="method-content">
                  <a name="VERIFY_THAT_LOCK_MAPPING_POPOUP_APPEARED_BY_CLICK_ON_LOCK_MAPPING_BUTTON">
                  </a> <!-- VERIFY_THAT_LOCK_MAPPING_POPOUP_APPEARED_BY_CLICK_ON_LOCK_MAPPING_BUTTON -->
                  <span class="method-name">VERIFY_THAT_LOCK_MAPPING_POPOUP_APPEARED_BY_CLICK_ON_LOCK_MAPPING_BUTTON</span>
                </div> <!-- method-content -->
              </div> <!-- method -->
              <div class="method">
                <div class="method-content">
                  <a name="VERIFY_THAT_NEW_LOCATION_ADDED_SUCCESSFULLY_BY_CLICK_ON_SUBMIT">
                  </a> <!-- VERIFY_THAT_NEW_LOCATION_ADDED_SUCCESSFULLY_BY_CLICK_ON_SUBMIT -->
                  <span class="method-name">VERIFY_THAT_NEW_LOCATION_ADDED_SUCCESSFULLY_BY_CLICK_ON_SUBMIT</span>
                </div> <!-- method-content -->
              </div> <!-- method -->
            </div> <!-- main-panel-content rounded-window-bottom -->
          </div> <!-- suite-Suite-class-passed -->
          <div class="suite-Suite-class-passed">
            <div class="main-panel-header rounded-window-top">
              <img src="passed.png"/>
              <span class="class-name">Testcases.SafeLock_Login</span>
            </div> <!-- main-panel-header rounded-window-top -->
            <div class="main-panel-content rounded-window-bottom">
              <div class="method">
                <div class="method-content">
                  <a name="VERIFY_THAT_SAFELOCK_CUSTOMER_URL_LAUNCHED_SUCCESSFULLY">
                  </a> <!-- VERIFY_THAT_SAFELOCK_CUSTOMER_URL_LAUNCHED_SUCCESSFULLY -->
                  <span class="method-name">VERIFY_THAT_SAFELOCK_CUSTOMER_URL_LAUNCHED_SUCCESSFULLY</span>
                </div> <!-- method-content -->
              </div> <!-- method -->
            </div> <!-- main-panel-content rounded-window-bottom -->
          </div> <!-- suite-Suite-class-passed -->
        </div> <!-- panel Suite -->
        <div panel-name="test-xml-Suite" class="panel">
          <div class="main-panel-header rounded-window-top">
            <span class="header-content">C:\Users\mallika\eclipse-workspace\Safelock\safelock.xml</span>
          </div> <!-- main-panel-header rounded-window-top -->
          <div class="main-panel-content rounded-window-bottom">
            <pre>
&lt;?xml version=&quot;1.0&quot; encoding=&quot;UTF-8&quot;?&gt;
&lt;!DOCTYPE suite SYSTEM &quot;https://testng.org/testng-1.0.dtd&quot;&gt;
&lt;suite name=&quot;Suite&quot; guice-stage=&quot;DEVELOPMENT&quot;&gt;
  &lt;test thread-count=&quot;5&quot; name=&quot;Test&quot;&gt;
    &lt;classes&gt;
      &lt;class name=&quot;Testcases.SafeLock_Login&quot;/&gt;
      &lt;class name=&quot;Testcases.New_User_Creation&quot;/&gt;
      &lt;class name=&quot;Testcases.SafeLock_New_Location&quot;/&gt;
      &lt;class name=&quot;Testcases.AddAccess_creation&quot;/&gt;
    &lt;/classes&gt;
  &lt;/test&gt; &lt;!-- Test --&gt;
&lt;/suite&gt; &lt;!-- Suite --&gt;
            </pre>
          </div> <!-- main-panel-content rounded-window-bottom -->
        </div> <!-- panel -->
        <div panel-name="testlist-Suite" class="panel">
          <div class="main-panel-header rounded-window-top">
            <span class="header-content">Tests for Suite</span>
          </div> <!-- main-panel-header rounded-window-top -->
          <div class="main-panel-content rounded-window-bottom">
            <ul>
              <li>
                <span class="test-name">Test (4 classes)</span>
              </li>
            </ul>
          </div> <!-- main-panel-content rounded-window-bottom -->
        </div> <!-- panel -->
        <div panel-name="group-Suite" class="panel">
          <div class="main-panel-header rounded-window-top">
            <span class="header-content">Groups for Suite</span>
          </div> <!-- main-panel-header rounded-window-top -->
          <div class="main-panel-content rounded-window-bottom">
          </div> <!-- main-panel-content rounded-window-bottom -->
        </div> <!-- panel -->
        <div panel-name="times-Suite" class="panel">
          <div class="main-panel-header rounded-window-top">
            <span class="header-content">Times for Suite</span>
          </div> <!-- main-panel-header rounded-window-top -->
          <div class="main-panel-content rounded-window-bottom">
            <div class="times-div">
              <script type="text/javascript">
suiteTableInitFunctions.push('tableData_Suite');
function tableData_Suite() {
var data = new google.visualization.DataTable();
data.addColumn('number', 'Number');
data.addColumn('string', 'Method');
data.addColumn('string', 'Class');
data.addColumn('number', 'Time (ms)');
data.addRows(39);
data.setCell(0, 0, 0)
data.setCell(0, 1, 'VERIFY_THAT_ADDACCESS_LINK_IS_CLICKED_BY_THE_USER_AND_NAVIAGTED_INTO_ACCESS_PAGE')
data.setCell(0, 2, 'Testcases.AddAccess_creation')
data.setCell(0, 3, 62363);
data.setCell(1, 0, 1)
data.setCell(1, 1, 'VERIFY_THAT_FROM_TIME_IS_SELECTED_SUCCESSFULLY')
data.setCell(1, 2, 'Testcases.AddAccess_creation')
data.setCell(1, 3, 62324);
data.setCell(2, 0, 2)
data.setCell(2, 1, 'VERIFY_THAT_USER_IS_ABLE_TO_SELECT_THE_NEXT_STEp_BUTTON_ON_ADD_ACCESS_PAGE')
data.setCell(2, 2, 'Testcases.AddAccess_creation')
data.setCell(2, 3, 62295);
data.setCell(3, 0, 3)
data.setCell(3, 1, 'VERIFY_THAT_USER_IS_SELECT_THE_USER_NAME_FROM_THE_USERS_DROP_DOWN')
data.setCell(3, 2, 'Testcases.AddAccess_creation')
data.setCell(3, 3, 62293);
data.setCell(4, 0, 4)
data.setCell(4, 1, 'VERIFY_THAT_EVERY_DATE_CHECK_BOX_IS_SELECTED_SUCCESSFULLY')
data.setCell(4, 2, 'Testcases.AddAccess_creation')
data.setCell(4, 3, 62228);
data.setCell(5, 0, 5)
data.setCell(5, 1, 'VERIFY_THAT_SELECTED_DATA_IS_DISPLAYED_ON_NEXT_PAGE_BY_CLICKING_ON_NEXT_STEP_BUTTON')
data.setCell(5, 2, 'Testcases.AddAccess_creation')
data.setCell(5, 3, 62174);
data.setCell(6, 0, 6)
data.setCell(6, 1, 'VERIFY_THAT_TO_TIME_IS_SELECTED_SUCCESSFULLY')
data.setCell(6, 2, 'Testcases.AddAccess_creation')
data.setCell(6, 3, 62173);
data.setCell(7, 0, 7)
data.setCell(7, 1, 'VERIFY_THAT_FROM_DATE_IS_SELECTED_FROM_THE_CURRENT_DATE_OF_SELECTION')
data.setCell(7, 2, 'Testcases.AddAccess_creation')
data.setCell(7, 3, 62159);
data.setCell(8, 0, 8)
data.setCell(8, 1, 'VERIFY_THAT_USER_IS_ABLE_TO_SELECT_THE_NEXT_STEP_BUTTON_ON_ADD_ACCESS_PAGE')
data.setCell(8, 2, 'Testcases.AddAccess_creation')
data.setCell(8, 3, 62139);
data.setCell(9, 0, 9)
data.setCell(9, 1, 'VERIFY_THAT_USER_IS_SELECT_THE_LOCK_ID_FROM_THE_LOCKS_DROP_DOWN')
data.setCell(9, 2, 'Testcases.AddAccess_creation')
data.setCell(9, 3, 62137);
data.setCell(10, 0, 10)
data.setCell(10, 1, 'VERIFY_THAT_USER_IA_NAVIGATED_INTO_ACCESS_CREATION_PAGE_WHEN_CLICK_ON_ADD_ACCESS_BUTTON')
data.setCell(10, 2, 'Testcases.AddAccess_creation')
data.setCell(10, 3, 62126);
data.setCell(11, 0, 11)
data.setCell(11, 1, 'VERIFY_THAT_TO_DATE_IS_SELECTED_AS_ONE_YEAR_FROM_THE_CURRENT_DATE')
data.setCell(11, 2, 'Testcases.AddAccess_creation')
data.setCell(11, 3, 62087);
data.setCell(12, 0, 12)
data.setCell(12, 1, 'VERIFY_THAT_NEW_ACCESS_IS_CREATED_BY_CLICKING_ON_SUBMIT_BUTTON')
data.setCell(12, 2, 'Testcases.AddAccess_creation')
data.setCell(12, 3, 62022);
data.setCell(13, 0, 13)
data.setCell(13, 1, 'VERIFY_THAT_USER_IS_SELECT_THE_LOCATION_FROM_THE_DROPDOWN')
data.setCell(13, 2, 'Testcases.AddAccess_creation')
data.setCell(13, 3, 60292);
data.setCell(14, 0, 14)
data.setCell(14, 1, 'VERIFY_THAT_SEND_OTP_TO_USER_EMAIL_PHONE_OPTION_SELECTED_SUCCESSFULLY')
data.setCell(14, 2, 'Testcases.AddAccess_creation')
data.setCell(14, 3, 60278);
data.setCell(15, 0, 15)
data.setCell(15, 1, 'VERIFY_THAT_CREATED_LOCATION_DISPLAYED_IN_LOCATION_GRID_SECTION')
data.setCell(15, 2, 'Testcases.SafeLock_New_Location')
data.setCell(15, 3, 6294);
data.setCell(16, 0, 16)
data.setCell(16, 1, 'VERIFY_THAT_LOCK_MAPPING_POPOUP_APPEARED_BY_CLICK_ON_LOCK_MAPPING_BUTTON')
data.setCell(16, 2, 'Testcases.SafeLock_New_Location')
data.setCell(16, 3, 5539);
data.setCell(17, 0, 17)
data.setCell(17, 1, 'VERIFY_THAT_USER_IS_ABLE_TO_SELECT_THE_LOCATION_IN_LOCATION_FIELD')
data.setCell(17, 2, 'Testcases.New_User_Creation')
data.setCell(17, 3, 2500);
data.setCell(18, 0, 18)
data.setCell(18, 1, 'VERIFY_THAT_USER_IS_ABLE_TO_SELECT_THE_ACCESS_ROLE')
data.setCell(18, 2, 'Testcases.New_User_Creation')
data.setCell(18, 3, 1553);
data.setCell(19, 0, 19)
data.setCell(19, 1, 'VERIFY_THAT_USER_IS_ABLE_TO_SELECT_THE_LOCATION_LEVEL_AS_COUNTRY_IN_LEVEL_DROPDOWN')
data.setCell(19, 2, 'Testcases.New_User_Creation')
data.setCell(19, 3, 1453);
data.setCell(20, 0, 20)
data.setCell(20, 1, 'VERIFY_THAT_CONFIRM_PASSWORD_IS_FILLED_WITH_DEFAULT_PASSWORD')
data.setCell(20, 2, 'Testcases.New_User_Creation')
data.setCell(20, 3, 1377);
data.setCell(21, 0, 21)
data.setCell(21, 1, 'VERIFY_THAT_DEFAULT_PASSWORD_DISPLAYED_AS_ENCRYPED_FORMAT_IN_PASSWORD_FIELD')
data.setCell(21, 2, 'Testcases.New_User_Creation')
data.setCell(21, 3, 1375);
data.setCell(22, 0, 22)
data.setCell(22, 1, 'VERIFY_USER_NAVIGATED_INTO_LOCATION_PAGE')
data.setCell(22, 2, 'Testcases.SafeLock_New_Location')
data.setCell(22, 3, 1120);
data.setCell(23, 0, 23)
data.setCell(23, 1, 'VERIFY_THAT_USER_ABLE_TO_SELECT_THE_INDIA_Dial_CODE')
data.setCell(23, 2, 'Testcases.New_User_Creation')
data.setCell(23, 3, 788);
data.setCell(24, 0, 24)
data.setCell(24, 1, 'VERIFY_THAT_NEW_USER_IS_CREATED_SUCCESSFULLY_BY_CLICKING_THE_SUBMIT_BUTTON')
data.setCell(24, 2, 'Testcases.New_User_Creation')
data.setCell(24, 3, 667);
data.setCell(25, 0, 25)
data.setCell(25, 1, 'VERIFY_THAT_USER_ENTER_THE_USERNAME_IN_USERNAME_FIELD')
data.setCell(25, 2, 'Testcases.New_User_Creation')
data.setCell(25, 3, 600);
data.setCell(26, 0, 26)
data.setCell(26, 1, 'VERIFY_THAT_USER_ABLE_TO_ENTER_MAILID_SUCCESSFULLY')
data.setCell(26, 2, 'Testcases.New_User_Creation')
data.setCell(26, 3, 508);
data.setCell(27, 0, 27)
data.setCell(27, 1, 'VERIFY_THAT_USER_IS_ABLE_TO_ENTER_THE_10_DIGIT_MOBILE_NUMBER_ON_MOBILE_NUMBER_FIELD')
data.setCell(27, 2, 'Testcases.New_User_Creation')
data.setCell(27, 3, 346);
data.setCell(28, 0, 28)
data.setCell(28, 1, 'VERIFY_THAT_ABLE_TO_ENTER_THE_LOCATION_NAME_ALONG_WITH_STATE_NAME')
data.setCell(28, 2, 'Testcases.SafeLock_New_Location')
data.setCell(28, 3, 303);
data.setCell(29, 0, 29)
data.setCell(29, 1, 'VERIFY_THAT_NEW_LOCATION_ADDED_SUCCESSFULLY_BY_CLICK_ON_SUBMIT')
data.setCell(29, 2, 'Testcases.SafeLock_New_Location')
data.setCell(29, 3, 303);
data.setCell(30, 0, 30)
data.setCell(30, 1, 'VERIFY_THAT_USER_IS_NAVIGATED_INTO_ADD_USER_SECTION_WHEN_CLICK_ON_ADD_USER_BUTTON')
data.setCell(30, 2, 'Testcases.New_User_Creation')
data.setCell(30, 3, 290);
data.setCell(31, 0, 31)
data.setCell(31, 1, 'VERIFY_THAT_ABLE_TO_SELECT_THE_COUNTRY_ON_THE_ADD_LOCATION_POPUP')
data.setCell(31, 2, 'Testcases.SafeLock_New_Location')
data.setCell(31, 3, 236);
data.setCell(32, 0, 32)
data.setCell(32, 1, 'VERIFY_THAT_USER_MENU_IS_CLICKED_SUCCESSFULLY')
data.setCell(32, 2, 'Testcases.New_User_Creation')
data.setCell(32, 3, 202);
data.setCell(33, 0, 33)
data.setCell(33, 1, 'VERIFY_THAT_ADD_LOCATION_PAGE_IS_NAVIGATED_BY_CLICKING_ON_PLUS_ICON')
data.setCell(33, 2, 'Testcases.SafeLock_New_Location')
data.setCell(33, 3, 71);
data.setCell(34, 0, 34)
data.setCell(34, 1, 'VERIFY_THAT_USER_IS_ENTER_THE_LOCK_NAME_SUCCESSFULLY')
data.setCell(34, 2, 'Testcases.SafeLock_New_Location')
data.setCell(34, 3, 52);
data.setCell(35, 0, 35)
data.setCell(35, 1, 'VERIFY_THAT_USER_ENTERING_THE_ACCESS_NAME_ON_ACCESS_FIELD')
data.setCell(35, 2, 'Testcases.AddAccess_creation')
data.setCell(35, 3, 19);
data.setCell(36, 0, 36)
data.setCell(36, 1, 'VERIFY_THAT_USER_IS_ABLE_TO_SELECT_THE_LOCK_ID_FROM_THE_DROP_DOWN_SUCCESSFULLY')
data.setCell(36, 2, 'Testcases.SafeLock_New_Location')
data.setCell(36, 3, 11);
data.setCell(37, 0, 37)
data.setCell(37, 1, 'VERIFY_THAT_SAFELOCK_CUSTOMER_URL_LAUNCHED_SUCCESSFULLY')
data.setCell(37, 2, 'Testcases.SafeLock_Login')
data.setCell(37, 3, 8);
data.setCell(38, 0, 38)
data.setCell(38, 1, 'VERIFY_THAT_LOCK_MAPPED_WITH_SELECTED_LOCATION_BY_CLICK_ON_SUBMIT')
data.setCell(38, 2, 'Testcases.SafeLock_New_Location')
data.setCell(38, 3, 6);
window.suiteTableData['Suite']= { tableData: data, tableDiv: 'times-div-Suite'}
return data;
}
              </script>
              <span class="suite-total-time">Total running time: 15 minutes</span>
              <div id="times-div-Suite">
              </div> <!-- times-div-Suite -->
            </div> <!-- times-div -->
          </div> <!-- main-panel-content rounded-window-bottom -->
        </div> <!-- panel -->
        <div panel-name="reporter-Suite" class="panel">
          <div class="main-panel-header rounded-window-top">
            <span class="header-content">Reporter output for Suite</span>
          </div> <!-- main-panel-header rounded-window-top -->
          <div class="main-panel-content rounded-window-bottom">
          </div> <!-- main-panel-content rounded-window-bottom -->
        </div> <!-- panel -->
        <div panel-name="ignored-methods-Suite" class="panel">
          <div class="main-panel-header rounded-window-top">
            <span class="header-content">2 ignored methods</span>
          </div> <!-- main-panel-header rounded-window-top -->
          <div class="main-panel-content rounded-window-bottom">
            <div class="ignored-class-div">
              <span class="ignored-class-name">Testcases.AddAccess_creation</span>
              <div class="ignored-methods-div">
                <span class="ignored-method-name">VERIFY_THAT_SAFELOCK_CUSTOMER_URL_LAUNCHED_SUCCESSFULLY</span>
                <br/>
              </div> <!-- ignored-methods-div -->
            </div> <!-- ignored-class-div -->
            <div class="ignored-class-div">
              <span class="ignored-class-name">Testcases.SafeLock_New_Location</span>
              <div class="ignored-methods-div">
                <span class="ignored-method-name">VERIFY_THAT_SAFELOCK_CUSTOMER_URL_LAUNCHED_SUCCESSFULLY</span>
                <br/>
              </div> <!-- ignored-methods-div -->
            </div> <!-- ignored-class-div -->
          </div> <!-- main-panel-content rounded-window-bottom -->
        </div> <!-- panel -->
        <div panel-name="chronological-Suite" class="panel">
          <div class="main-panel-header rounded-window-top">
            <span class="header-content">Methods in chronological order</span>
          </div> <!-- main-panel-header rounded-window-top -->
          <div class="main-panel-content rounded-window-bottom">
            <div class="chronological-class">
              <div class="chronological-class-name">Testcases.New_User_Creation</div> <!-- chronological-class-name -->
              <div class="configuration-test before">
                <span class="method-name">VERIFY_THAT_SAFELOCK_CUSTOMER_URL_LAUNCHED_SUCCESSFULLY</span>
                <span class="method-start">0 ms</span>
              </div> <!-- configuration-test before -->
            </div> <!-- chronological-class -->
            <div class="chronological-class">
              <div class="chronological-class-name">Testcases.SafeLock_Login</div> <!-- chronological-class-name -->
              <div class="configuration-class before">
                <span class="method-name">beforeClass</span>
                <span class="method-start">6746 ms</span>
              </div> <!-- configuration-class before -->
              <div class="test-method">
                <span class="method-name">VERIFY_THAT_SAFELOCK_CUSTOMER_URL_LAUNCHED_SUCCESSFULLY</span>
                <span class="method-start">6771 ms</span>
              </div> <!-- test-method -->
            </div> <!-- chronological-class -->
            <div class="chronological-class">
              <div class="chronological-class-name">Testcases.New_User_Creation</div> <!-- chronological-class-name -->
              <div class="configuration-class before">
                <span class="method-name">beforeClass</span>
                <span class="method-start">6791 ms</span>
              </div> <!-- configuration-class before -->
              <div class="test-method">
                <span class="method-name">VERIFY_THAT_USER_MENU_IS_CLICKED_SUCCESSFULLY</span>
                <span class="method-start">6797 ms</span>
              </div> <!-- test-method -->
              <div class="test-method">
                <span class="method-name">VERIFY_THAT_USER_IS_NAVIGATED_INTO_ADD_USER_SECTION_WHEN_CLICK_ON_ADD_USER_BUTTON</span>
                <span class="method-start">7002 ms</span>
              </div> <!-- test-method -->
              <div class="test-method">
                <span class="method-name">VERIFY_THAT_USER_ENTER_THE_USERNAME_IN_USERNAME_FIELD</span>
                <span class="method-start">7294 ms</span>
              </div> <!-- test-method -->
              <div class="test-method">
                <span class="method-name">VERIFY_THAT_USER_ABLE_TO_ENTER_MAILID_SUCCESSFULLY</span>
                <span class="method-start">7896 ms</span>
              </div> <!-- test-method -->
              <div class="test-method">
                <span class="method-name">VERIFY_THAT_USER_ABLE_TO_SELECT_THE_INDIA_Dial_CODE</span>
                <span class="method-start">8405 ms</span>
              </div> <!-- test-method -->
              <div class="test-method">
                <span class="method-name">VERIFY_THAT_USER_IS_ABLE_TO_ENTER_THE_10_DIGIT_MOBILE_NUMBER_ON_MOBILE_NUMBER_FIELD</span>
                <span class="method-start">9197 ms</span>
              </div> <!-- test-method -->
              <div class="test-method">
                <span class="method-name">VERIFY_THAT_USER_IS_ABLE_TO_SELECT_THE_ACCESS_ROLE</span>
                <span class="method-start">9545 ms</span>
              </div> <!-- test-method -->
              <div class="test-method">
                <span class="method-name">VERIFY_THAT_USER_IS_ABLE_TO_SELECT_THE_LOCATION_LEVEL_AS_COUNTRY_IN_LEVEL_DROPDOWN</span>
                <span class="method-start">11099 ms</span>
              </div> <!-- test-method -->
              <div class="test-method">
                <span class="method-name">VERIFY_THAT_USER_IS_ABLE_TO_SELECT_THE_LOCATION_IN_LOCATION_FIELD</span>
                <span class="method-start">12557 ms</span>
              </div> <!-- test-method -->
              <div class="test-method">
                <span class="method-name">VERIFY_THAT_DEFAULT_PASSWORD_DISPLAYED_AS_ENCRYPED_FORMAT_IN_PASSWORD_FIELD</span>
                <span class="method-start">15058 ms</span>
              </div> <!-- test-method -->
              <div class="test-method">
                <span class="method-name">VERIFY_THAT_CONFIRM_PASSWORD_IS_FILLED_WITH_DEFAULT_PASSWORD</span>
                <span class="method-start">16439 ms</span>
              </div> <!-- test-method -->
              <div class="test-method">
                <img src="failed.png">
                </img>
                <span class="method-name">VERIFY_THAT_NEW_USER_IS_CREATED_SUCCESSFULLY_BY_CLICKING_THE_SUBMIT_BUTTON</span>
                <span class="method-start">17817 ms</span>
              </div> <!-- test-method -->
            </div> <!-- chronological-class -->
            <div class="chronological-class">
              <div class="chronological-class-name">Testcases.SafeLock_New_Location</div> <!-- chronological-class-name -->
              <div class="configuration-class before">
                <span class="method-name">beforeClass</span>
                <span class="method-start">18485 ms</span>
              </div> <!-- configuration-class before -->
              <div class="test-method">
                <img src="failed.png">
                </img>
                <span class="method-name">VERIFY_USER_NAVIGATED_INTO_LOCATION_PAGE</span>
                <span class="method-start">18487 ms</span>
              </div> <!-- test-method -->
              <div class="configuration-method after">
                <span class="method-name">afterMethod</span>
                <span class="method-start">19609 ms</span>
              </div> <!-- configuration-method after -->
              <div class="test-method">
                <span class="method-name">VERIFY_THAT_ADD_LOCATION_PAGE_IS_NAVIGATED_BY_CLICKING_ON_PLUS_ICON</span>
                <span class="method-start">19609 ms</span>
              </div> <!-- test-method -->
              <div class="configuration-method after">
                <span class="method-name">afterMethod</span>
                <span class="method-start">19681 ms</span>
              </div> <!-- configuration-method after -->
              <div class="test-method">
                <span class="method-name">VERIFY_THAT_ABLE_TO_SELECT_THE_COUNTRY_ON_THE_ADD_LOCATION_POPUP</span>
                <span class="method-start">19682 ms</span>
              </div> <!-- test-method -->
              <div class="configuration-method after">
                <span class="method-name">afterMethod</span>
                <span class="method-start">19920 ms</span>
              </div> <!-- configuration-method after -->
              <div class="test-method">
                <span class="method-name">VERIFY_THAT_ABLE_TO_ENTER_THE_LOCATION_NAME_ALONG_WITH_STATE_NAME</span>
                <span class="method-start">19921 ms</span>
              </div> <!-- test-method -->
              <div class="configuration-method after">
                <span class="method-name">afterMethod</span>
                <span class="method-start">20226 ms</span>
              </div> <!-- configuration-method after -->
              <div class="test-method">
                <span class="method-name">VERIFY_THAT_NEW_LOCATION_ADDED_SUCCESSFULLY_BY_CLICK_ON_SUBMIT</span>
                <span class="method-start">20227 ms</span>
              </div> <!-- test-method -->
              <div class="configuration-method after">
                <span class="method-name">afterMethod</span>
                <span class="method-start">20534 ms</span>
              </div> <!-- configuration-method after -->
              <div class="test-method">
                <img src="failed.png">
                </img>
                <span class="method-name">VERIFY_THAT_CREATED_LOCATION_DISPLAYED_IN_LOCATION_GRID_SECTION</span>
                <span class="method-start">20535 ms</span>
              </div> <!-- test-method -->
              <div class="configuration-method after">
                <span class="method-name">afterMethod</span>
                <span class="method-start">26830 ms</span>
              </div> <!-- configuration-method after -->
              <div class="test-method">
                <span class="method-name">VERIFY_THAT_LOCK_MAPPING_POPOUP_APPEARED_BY_CLICK_ON_LOCK_MAPPING_BUTTON</span>
                <span class="method-start">26831 ms</span>
              </div> <!-- test-method -->
              <div class="configuration-method after">
                <span class="method-name">afterMethod</span>
                <span class="method-start">32372 ms</span>
              </div> <!-- configuration-method after -->
              <div class="test-method">
                <img src="failed.png">
                </img>
                <span class="method-name">VERIFY_THAT_USER_IS_ENTER_THE_LOCK_NAME_SUCCESSFULLY</span>
                <span class="method-start">32373 ms</span>
              </div> <!-- test-method -->
              <div class="configuration-method after">
                <span class="method-name">afterMethod</span>
                <span class="method-start">32426 ms</span>
              </div> <!-- configuration-method after -->
              <div class="test-method">
                <img src="failed.png">
                </img>
                <span class="method-name">VERIFY_THAT_USER_IS_ABLE_TO_SELECT_THE_LOCK_ID_FROM_THE_DROP_DOWN_SUCCESSFULLY</span>
                <span class="method-start">32427 ms</span>
              </div> <!-- test-method -->
              <div class="configuration-method after">
                <span class="method-name">afterMethod</span>
                <span class="method-start">32439 ms</span>
              </div> <!-- configuration-method after -->
              <div class="test-method">
                <img src="failed.png">
                </img>
                <span class="method-name">VERIFY_THAT_LOCK_MAPPED_WITH_SELECTED_LOCATION_BY_CLICK_ON_SUBMIT</span>
                <span class="method-start">32440 ms</span>
              </div> <!-- test-method -->
              <div class="configuration-method after">
                <span class="method-name">afterMethod</span>
                <span class="method-start">32452 ms</span>
              </div> <!-- configuration-method after -->
            </div> <!-- chronological-class -->
            <div class="chronological-class">
              <div class="chronological-class-name">Testcases.AddAccess_creation</div> <!-- chronological-class-name -->
              <div class="configuration-class before">
                <span class="method-name">beforeClass</span>
                <span class="method-start">32452 ms</span>
              </div> <!-- configuration-class before -->
              <div class="test-method">
                <img src="failed.png">
                </img>
                <span class="method-name">VERIFY_THAT_ADDACCESS_LINK_IS_CLICKED_BY_THE_USER_AND_NAVIAGTED_INTO_ACCESS_PAGE</span>
                <span class="method-start">32457 ms</span>
              </div> <!-- test-method -->
              <div class="test-method">
                <img src="failed.png">
                </img>
                <span class="method-name">VERIFY_THAT_USER_IA_NAVIGATED_INTO_ACCESS_CREATION_PAGE_WHEN_CLICK_ON_ADD_ACCESS_BUTTON</span>
                <span class="method-start">94821 ms</span>
              </div> <!-- test-method -->
              <div class="test-method">
                <img src="failed.png">
                </img>
                <span class="method-name">VERIFY_THAT_USER_ENTERING_THE_ACCESS_NAME_ON_ACCESS_FIELD</span>
                <span class="method-start">156948 ms</span>
              </div> <!-- test-method -->
              <div class="test-method">
                <img src="failed.png">
                </img>
                <span class="method-name">VERIFY_THAT_USER_IS_SELECT_THE_LOCATION_FROM_THE_DROPDOWN</span>
                <span class="method-start">156969 ms</span>
              </div> <!-- test-method -->
              <div class="test-method">
                <img src="failed.png">
                </img>
                <span class="method-name">VERIFY_THAT_USER_IS_ABLE_TO_SELECT_THE_NEXT_STEp_BUTTON_ON_ADD_ACCESS_PAGE</span>
                <span class="method-start">217262 ms</span>
              </div> <!-- test-method -->
              <div class="test-method">
                <img src="failed.png">
                </img>
                <span class="method-name">VERIFY_THAT_USER_IS_SELECT_THE_LOCK_ID_FROM_THE_LOCKS_DROP_DOWN</span>
                <span class="method-start">279558 ms</span>
              </div> <!-- test-method -->
              <div class="test-method">
                <img src="failed.png">
                </img>
                <span class="method-name">VERIFY_THAT_USER_IS_SELECT_THE_USER_NAME_FROM_THE_USERS_DROP_DOWN</span>
                <span class="method-start">341696 ms</span>
              </div> <!-- test-method -->
              <div class="test-method">
                <img src="failed.png">
                </img>
                <span class="method-name">VERIFY_THAT_SEND_OTP_TO_USER_EMAIL_PHONE_OPTION_SELECTED_SUCCESSFULLY</span>
                <span class="method-start">403990 ms</span>
              </div> <!-- test-method -->
              <div class="test-method">
                <img src="failed.png">
                </img>
                <span class="method-name">VERIFY_THAT_USER_IS_ABLE_TO_SELECT_THE_NEXT_STEP_BUTTON_ON_ADD_ACCESS_PAGE</span>
                <span class="method-start">464269 ms</span>
              </div> <!-- test-method -->
              <div class="test-method">
                <img src="failed.png">
                </img>
                <span class="method-name">VERIFY_THAT_FROM_DATE_IS_SELECTED_FROM_THE_CURRENT_DATE_OF_SELECTION</span>
                <span class="method-start">526409 ms</span>
              </div> <!-- test-method -->
              <div class="test-method">
                <img src="failed.png">
                </img>
                <span class="method-name">VERIFY_THAT_FROM_TIME_IS_SELECTED_SUCCESSFULLY</span>
                <span class="method-start">588569 ms</span>
              </div> <!-- test-method -->
              <div class="test-method">
                <img src="failed.png">
                </img>
                <span class="method-name">VERIFY_THAT_TO_DATE_IS_SELECTED_AS_ONE_YEAR_FROM_THE_CURRENT_DATE</span>
                <span class="method-start">650894 ms</span>
              </div> <!-- test-method -->
              <div class="test-method">
                <img src="failed.png">
                </img>
                <span class="method-name">VERIFY_THAT_TO_TIME_IS_SELECTED_SUCCESSFULLY</span>
                <span class="method-start">712983 ms</span>
              </div> <!-- test-method -->
              <div class="test-method">
                <img src="failed.png">
                </img>
                <span class="method-name">VERIFY_THAT_EVERY_DATE_CHECK_BOX_IS_SELECTED_SUCCESSFULLY</span>
                <span class="method-start">775157 ms</span>
              </div> <!-- test-method -->
              <div class="test-method">
                <img src="failed.png">
                </img>
                <span class="method-name">VERIFY_THAT_NEW_ACCESS_IS_CREATED_BY_CLICKING_ON_SUBMIT_BUTTON</span>
                <span class="method-start">837386 ms</span>
              </div> <!-- test-method -->
              <div class="test-method">
                <img src="failed.png">
                </img>
                <span class="method-name">VERIFY_THAT_SELECTED_DATA_IS_DISPLAYED_ON_NEXT_PAGE_BY_CLICKING_ON_NEXT_STEP_BUTTON</span>
                <span class="method-start">899409 ms</span>
              </div> <!-- test-method -->
          </div> <!-- main-panel-content rounded-window-bottom -->
        </div> <!-- panel -->
      </div> <!-- main-panel-root -->
    </div> <!-- wrapper -->
  </body>
<script type="text/javascript" src="testng-reports2.js"></script>
</html>
